04-Jun-2015 15:46:44.399 INFO [localhost-startStop-1] org.apache.catalina.core.ApplicationContext.log ContextListener: contextInitialized()
04-Jun-2015 15:46:44.399 INFO [localhost-startStop-1] org.apache.catalina.core.ApplicationContext.log SessionListener: contextInitialized()
04-Jun-2015 16:31:04.936 INFO [localhost-startStop-2] org.apache.catalina.core.ApplicationContext.log SessionListener: contextDestroyed()
04-Jun-2015 16:31:04.936 INFO [localhost-startStop-2] org.apache.catalina.core.ApplicationContext.log ContextListener: contextDestroyed()
04-Jun-2015 16:31:16.631 INFO [localhost-startStop-1] org.apache.catalina.core.ApplicationContext.log ContextListener: contextInitialized()
04-Jun-2015 16:31:16.631 INFO [localhost-startStop-1] org.apache.catalina.core.ApplicationContext.log SessionListener: contextInitialized()
04-Jun-2015 16:31:44.504 INFO [localhost-startStop-2] org.apache.catalina.core.ApplicationContext.log SessionListener: contextDestroyed()
04-Jun-2015 16:31:44.504 INFO [localhost-startStop-2] org.apache.catalina.core.ApplicationContext.log ContextListener: contextDestroyed()
04-Jun-2015 17:17:41.121 INFO [localhost-startStop-1] org.apache.catalina.core.ApplicationContext.log ContextListener: contextInitialized()
04-Jun-2015 17:17:41.121 INFO [localhost-startStop-1] org.apache.catalina.core.ApplicationContext.log SessionListener: contextInitialized()
04-Jun-2015 17:18:34.687 INFO [localhost-startStop-2] org.apache.catalina.core.ApplicationContext.log SessionListener: contextDestroyed()
04-Jun-2015 17:18:34.687 INFO [localhost-startStop-2] org.apache.catalina.core.ApplicationContext.log ContextListener: contextDestroyed()
04-Jun-2015 17:18:45.680 INFO [localhost-startStop-1] org.apache.catalina.core.ApplicationContext.log ContextListener: contextInitialized()
04-Jun-2015 17:18:45.680 INFO [localhost-startStop-1] org.apache.catalina.core.ApplicationContext.log SessionListener: contextInitialized()
04-Jun-2015 17:24:41.370 INFO [localhost-startStop-2] org.apache.catalina.core.ApplicationContext.log SessionListener: contextDestroyed()
04-Jun-2015 17:24:41.370 INFO [localhost-startStop-2] org.apache.catalina.core.ApplicationContext.log ContextListener: contextDestroyed()
04-Jun-2015 17:24:51.151 INFO [localhost-startStop-1] org.apache.catalina.core.ApplicationContext.log ContextListener: contextInitialized()
04-Jun-2015 17:24:51.151 INFO [localhost-startStop-1] org.apache.catalina.core.ApplicationContext.log SessionListener: contextInitialized()
04-Jun-2015 17:33:15.120 INFO [localhost-startStop-2] org.apache.catalina.core.ApplicationContext.log SessionListener: contextDestroyed()
04-Jun-2015 17:33:15.120 INFO [localhost-startStop-2] org.apache.catalina.core.ApplicationContext.log ContextListener: contextDestroyed()
04-Jun-2015 17:33:25.948 INFO [localhost-startStop-1] org.apache.catalina.core.ApplicationContext.log ContextListener: contextInitialized()
04-Jun-2015 17:33:25.948 INFO [localhost-startStop-1] org.apache.catalina.core.ApplicationContext.log SessionListener: contextInitialized()
04-Jun-2015 17:36:28.781 INFO [localhost-startStop-2] org.apache.catalina.core.ApplicationContext.log SessionListener: contextDestroyed()
04-Jun-2015 17:36:28.781 INFO [localhost-startStop-2] org.apache.catalina.core.ApplicationContext.log ContextListener: contextDestroyed()
04-Jun-2015 17:36:42.262 INFO [localhost-startStop-1] org.apache.catalina.core.ApplicationContext.log ContextListener: contextInitialized()
04-Jun-2015 17:36:42.262 INFO [localhost-startStop-1] org.apache.catalina.core.ApplicationContext.log SessionListener: contextInitialized()
04-Jun-2015 17:40:35.295 INFO [localhost-startStop-2] org.apache.catalina.core.ApplicationContext.log SessionListener: contextDestroyed()
04-Jun-2015 17:40:35.295 INFO [localhost-startStop-2] org.apache.catalina.core.ApplicationContext.log ContextListener: contextDestroyed()
04-Jun-2015 17:40:45.017 INFO [localhost-startStop-1] org.apache.catalina.core.ApplicationContext.log ContextListener: contextInitialized()
04-Jun-2015 17:40:45.017 INFO [localhost-startStop-1] org.apache.catalina.core.ApplicationContext.log SessionListener: contextInitialized()
04-Jun-2015 17:44:52.523 INFO [localhost-startStop-2] org.apache.catalina.core.ApplicationContext.log SessionListener: contextDestroyed()
04-Jun-2015 17:44:52.523 INFO [localhost-startStop-2] org.apache.catalina.core.ApplicationContext.log ContextListener: contextDestroyed()
04-Jun-2015 17:45:03.497 INFO [localhost-startStop-1] org.apache.catalina.core.ApplicationContext.log ContextListener: contextInitialized()
04-Jun-2015 17:45:03.497 INFO [localhost-startStop-1] org.apache.catalina.core.ApplicationContext.log SessionListener: contextInitialized()
04-Jun-2015 17:46:36.647 INFO [localhost-startStop-2] org.apache.catalina.core.ApplicationContext.log SessionListener: contextDestroyed()
04-Jun-2015 17:46:36.647 INFO [localhost-startStop-2] org.apache.catalina.core.ApplicationContext.log ContextListener: contextDestroyed()
04-Jun-2015 17:46:47.212 INFO [localhost-startStop-1] org.apache.catalina.core.ApplicationContext.log ContextListener: contextInitialized()
04-Jun-2015 17:46:47.212 INFO [localhost-startStop-1] org.apache.catalina.core.ApplicationContext.log SessionListener: contextInitialized()
04-Jun-2015 17:47:46.676 INFO [localhost-startStop-2] org.apache.catalina.core.ApplicationContext.log SessionListener: contextDestroyed()
04-Jun-2015 17:47:46.676 INFO [localhost-startStop-2] org.apache.catalina.core.ApplicationContext.log ContextListener: contextDestroyed()
04-Jun-2015 17:47:53.592 INFO [localhost-startStop-1] org.apache.catalina.core.ApplicationContext.log No Spring WebApplicationInitializer types detected on classpath
04-Jun-2015 17:47:54.015 INFO [localhost-startStop-1] org.apache.catalina.core.ApplicationContext.log ContextListener: contextInitialized()
04-Jun-2015 17:47:54.015 INFO [localhost-startStop-1] org.apache.catalina.core.ApplicationContext.log SessionListener: contextInitialized()
04-Jun-2015 17:47:56.678 INFO [http-apr-8080-exec-10] org.apache.catalina.core.ApplicationContext.log No Spring WebApplicationInitializer types detected on classpath
04-Jun-2015 17:50:23.833 INFO [localhost-startStop-2] org.apache.catalina.core.ApplicationContext.log SessionListener: contextDestroyed()
04-Jun-2015 17:50:23.833 INFO [localhost-startStop-2] org.apache.catalina.core.ApplicationContext.log ContextListener: contextDestroyed()
04-Jun-2015 17:58:22.810 INFO [localhost-startStop-1] org.apache.catalina.core.ApplicationContext.log No Spring WebApplicationInitializer types detected on classpath
04-Jun-2015 17:58:23.168 INFO [localhost-startStop-1] org.apache.catalina.core.ApplicationContext.log ContextListener: contextInitialized()
04-Jun-2015 17:58:23.168 INFO [localhost-startStop-1] org.apache.catalina.core.ApplicationContext.log SessionListener: contextInitialized()
04-Jun-2015 18:02:12.971 SEVERE [http-apr-8080-exec-7] org.apache.catalina.core.StandardWrapperValve.invoke Servlet.service() for servlet [ActionServlet] in context with path [/pb138-WebApp] threw exception [org.apache.tomcat.util.http.fileupload.FileUploadBase$InvalidContentTypeException: the request doesn't contain a multipart/form-data or multipart/mixed stream, content type header is null] with root cause
 org.apache.tomcat.util.http.fileupload.FileUploadBase$InvalidContentTypeException: the request doesn't contain a multipart/form-data or multipart/mixed stream, content type header is null
	at org.apache.tomcat.util.http.fileupload.FileUploadBase$FileItemIteratorImpl.<init>(FileUploadBase.java:800)
	at org.apache.tomcat.util.http.fileupload.FileUploadBase.getItemIterator(FileUploadBase.java:256)
	at org.apache.tomcat.util.http.fileupload.FileUploadBase.parseRequest(FileUploadBase.java:280)
	at org.apache.catalina.connector.Request.parseParts(Request.java:2730)
	at org.apache.catalina.connector.Request.getParts(Request.java:2641)
	at org.apache.catalina.connector.Request.getPart(Request.java:2818)
	at org.apache.catalina.connector.RequestFacade.getPart(RequestFacade.java:1089)
	at pb138.web.ActionServlet.uploadFile(ActionServlet.java:90)
	at pb138.web.ActionServlet.processRequest(ActionServlet.java:60)
	at pb138.web.ActionServlet.doGet(ActionServlet.java:278)
	at javax.servlet.http.HttpServlet.service(HttpServlet.java:622)
	at javax.servlet.http.HttpServlet.service(HttpServlet.java:729)
	at org.apache.catalina.core.ApplicationFilterChain.internalDoFilter(ApplicationFilterChain.java:291)
	at org.apache.catalina.core.ApplicationFilterChain.doFilter(ApplicationFilterChain.java:206)
	at org.apache.tomcat.websocket.server.WsFilter.doFilter(WsFilter.java:52)
	at org.apache.catalina.core.ApplicationFilterChain.internalDoFilter(ApplicationFilterChain.java:239)
	at org.apache.catalina.core.ApplicationFilterChain.doFilter(ApplicationFilterChain.java:206)
	at org.apache.catalina.core.StandardWrapperValve.invoke(StandardWrapperValve.java:219)
	at org.apache.catalina.core.StandardContextValve.invoke(StandardContextValve.java:106)
	at org.apache.catalina.authenticator.AuthenticatorBase.invoke(AuthenticatorBase.java:502)
	at org.apache.catalina.core.StandardHostValve.invoke(StandardHostValve.java:142)
	at org.apache.catalina.valves.ErrorReportValve.invoke(ErrorReportValve.java:79)
	at org.apache.catalina.valves.AbstractAccessLogValve.invoke(AbstractAccessLogValve.java:617)
	at org.apache.catalina.core.StandardEngineValve.invoke(StandardEngineValve.java:88)
	at org.apache.catalina.connector.CoyoteAdapter.service(CoyoteAdapter.java:518)
	at org.apache.coyote.http11.AbstractHttp11Processor.process(AbstractHttp11Processor.java:1091)
	at org.apache.coyote.AbstractProtocol$AbstractConnectionHandler.process(AbstractProtocol.java:668)
	at org.apache.tomcat.util.net.AprEndpoint$SocketProcessor.doRun(AprEndpoint.java:2463)
	at org.apache.tomcat.util.net.AprEndpoint$SocketProcessor.run(AprEndpoint.java:2452)
	at java.util.concurrent.ThreadPoolExecutor.runWorker(ThreadPoolExecutor.java:1145)
	at java.util.concurrent.ThreadPoolExecutor$Worker.run(ThreadPoolExecutor.java:615)
	at org.apache.tomcat.util.threads.TaskThread$WrappingRunnable.run(TaskThread.java:61)
	at java.lang.Thread.run(Thread.java:724)

04-Jun-2015 18:02:24.250 SEVERE [http-apr-8080-exec-4] org.apache.catalina.core.StandardWrapperValve.invoke Servlet.service() for servlet [ActionServlet] in context with path [/pb138-WebApp] threw exception
 java.io.FileNotFoundException: Y:\MUNI\MODERNI_ZNACKOVACI\apache-tomcat-8.0.22-windows-x64\apache-tomcat-8.0.22\bin\result.svg (The system cannot find the file specified)
	at java.io.FileInputStream.open(Native Method)
	at java.io.FileInputStream.<init>(FileInputStream.java:146)
	at pb138.web.ActionServlet.downloadSVG(ActionServlet.java:147)
	at pb138.web.ActionServlet.processRequest(ActionServlet.java:68)
	at pb138.web.ActionServlet.doGet(ActionServlet.java:278)
	at javax.servlet.http.HttpServlet.service(HttpServlet.java:622)
	at javax.servlet.http.HttpServlet.service(HttpServlet.java:729)
	at org.apache.catalina.core.ApplicationFilterChain.internalDoFilter(ApplicationFilterChain.java:291)
	at org.apache.catalina.core.ApplicationFilterChain.doFilter(ApplicationFilterChain.java:206)
	at org.apache.tomcat.websocket.server.WsFilter.doFilter(WsFilter.java:52)
	at org.apache.catalina.core.ApplicationFilterChain.internalDoFilter(ApplicationFilterChain.java:239)
	at org.apache.catalina.core.ApplicationFilterChain.doFilter(ApplicationFilterChain.java:206)
	at org.apache.catalina.core.StandardWrapperValve.invoke(StandardWrapperValve.java:219)
	at org.apache.catalina.core.StandardContextValve.invoke(StandardContextValve.java:106)
	at org.apache.catalina.authenticator.AuthenticatorBase.invoke(AuthenticatorBase.java:502)
	at org.apache.catalina.core.StandardHostValve.invoke(StandardHostValve.java:142)
	at org.apache.catalina.valves.ErrorReportValve.invoke(ErrorReportValve.java:79)
	at org.apache.catalina.valves.AbstractAccessLogValve.invoke(AbstractAccessLogValve.java:617)
	at org.apache.catalina.core.StandardEngineValve.invoke(StandardEngineValve.java:88)
	at org.apache.catalina.connector.CoyoteAdapter.service(CoyoteAdapter.java:518)
	at org.apache.coyote.http11.AbstractHttp11Processor.process(AbstractHttp11Processor.java:1091)
	at org.apache.coyote.AbstractProtocol$AbstractConnectionHandler.process(AbstractProtocol.java:668)
	at org.apache.tomcat.util.net.AprEndpoint$SocketProcessor.doRun(AprEndpoint.java:2463)
	at org.apache.tomcat.util.net.AprEndpoint$SocketProcessor.run(AprEndpoint.java:2452)
	at java.util.concurrent.ThreadPoolExecutor.runWorker(ThreadPoolExecutor.java:1145)
	at java.util.concurrent.ThreadPoolExecutor$Worker.run(ThreadPoolExecutor.java:615)
	at org.apache.tomcat.util.threads.TaskThread$WrappingRunnable.run(TaskThread.java:61)
	at java.lang.Thread.run(Thread.java:724)

04-Jun-2015 18:02:24.380 SEVERE [http-apr-8080-exec-5] org.apache.catalina.core.StandardWrapperValve.invoke Servlet.service() for servlet [ActionServlet] in context with path [/pb138-WebApp] threw exception
 java.io.FileNotFoundException: Y:\MUNI\MODERNI_ZNACKOVACI\apache-tomcat-8.0.22-windows-x64\apache-tomcat-8.0.22\bin\result.svg (The system cannot find the file specified)
	at java.io.FileInputStream.open(Native Method)
	at java.io.FileInputStream.<init>(FileInputStream.java:146)
	at pb138.web.ActionServlet.downloadSVG(ActionServlet.java:147)
	at pb138.web.ActionServlet.processRequest(ActionServlet.java:68)
	at pb138.web.ActionServlet.doGet(ActionServlet.java:278)
	at javax.servlet.http.HttpServlet.service(HttpServlet.java:622)
	at javax.servlet.http.HttpServlet.service(HttpServlet.java:729)
	at org.apache.catalina.core.ApplicationFilterChain.internalDoFilter(ApplicationFilterChain.java:291)
	at org.apache.catalina.core.ApplicationFilterChain.doFilter(ApplicationFilterChain.java:206)
	at org.apache.tomcat.websocket.server.WsFilter.doFilter(WsFilter.java:52)
	at org.apache.catalina.core.ApplicationFilterChain.internalDoFilter(ApplicationFilterChain.java:239)
	at org.apache.catalina.core.ApplicationFilterChain.doFilter(ApplicationFilterChain.java:206)
	at org.apache.catalina.core.StandardWrapperValve.invoke(StandardWrapperValve.java:219)
	at org.apache.catalina.core.StandardContextValve.invoke(StandardContextValve.java:106)
	at org.apache.catalina.authenticator.AuthenticatorBase.invoke(AuthenticatorBase.java:502)
	at org.apache.catalina.core.StandardHostValve.invoke(StandardHostValve.java:142)
	at org.apache.catalina.valves.ErrorReportValve.invoke(ErrorReportValve.java:79)
	at org.apache.catalina.valves.AbstractAccessLogValve.invoke(AbstractAccessLogValve.java:617)
	at org.apache.catalina.core.StandardEngineValve.invoke(StandardEngineValve.java:88)
	at org.apache.catalina.connector.CoyoteAdapter.service(CoyoteAdapter.java:518)
	at org.apache.coyote.http11.AbstractHttp11Processor.process(AbstractHttp11Processor.java:1091)
	at org.apache.coyote.AbstractProtocol$AbstractConnectionHandler.process(AbstractProtocol.java:668)
	at org.apache.tomcat.util.net.AprEndpoint$SocketProcessor.doRun(AprEndpoint.java:2463)
	at org.apache.tomcat.util.net.AprEndpoint$SocketProcessor.run(AprEndpoint.java:2452)
	at java.util.concurrent.ThreadPoolExecutor.runWorker(ThreadPoolExecutor.java:1145)
	at java.util.concurrent.ThreadPoolExecutor$Worker.run(ThreadPoolExecutor.java:615)
	at org.apache.tomcat.util.threads.TaskThread$WrappingRunnable.run(TaskThread.java:61)
	at java.lang.Thread.run(Thread.java:724)

04-Jun-2015 18:04:15.454 INFO [ContainerBackgroundProcessor[StandardEngine[Catalina]]] org.apache.catalina.core.ApplicationContext.log No Spring WebApplicationInitializer types detected on classpath
04-Jun-2015 18:04:32.851 INFO [localhost-startStop-2] org.apache.catalina.core.ApplicationContext.log SessionListener: contextDestroyed()
04-Jun-2015 18:04:32.851 INFO [localhost-startStop-2] org.apache.catalina.core.ApplicationContext.log ContextListener: contextDestroyed()
04-Jun-2015 18:05:15.454 INFO [localhost-startStop-1] org.apache.catalina.core.ApplicationContext.log No Spring WebApplicationInitializer types detected on classpath
04-Jun-2015 18:05:15.814 INFO [localhost-startStop-1] org.apache.catalina.core.ApplicationContext.log ContextListener: contextInitialized()
04-Jun-2015 18:05:15.814 INFO [localhost-startStop-1] org.apache.catalina.core.ApplicationContext.log SessionListener: contextInitialized()
04-Jun-2015 18:07:55.275 INFO [localhost-startStop-2] org.apache.catalina.core.ApplicationContext.log SessionListener: contextDestroyed()
04-Jun-2015 18:07:55.275 INFO [localhost-startStop-2] org.apache.catalina.core.ApplicationContext.log ContextListener: contextDestroyed()
04-Jun-2015 18:08:25.658 INFO [localhost-startStop-1] org.apache.catalina.core.ApplicationContext.log No Spring WebApplicationInitializer types detected on classpath
04-Jun-2015 18:08:26.033 INFO [localhost-startStop-1] org.apache.catalina.core.ApplicationContext.log ContextListener: contextInitialized()
04-Jun-2015 18:08:26.033 INFO [localhost-startStop-1] org.apache.catalina.core.ApplicationContext.log SessionListener: contextInitialized()
04-Jun-2015 18:09:55.344 INFO [http-apr-8080-exec-4] org.apache.catalina.core.ApplicationContext.log No Spring WebApplicationInitializer types detected on classpath
04-Jun-2015 18:09:55.407 INFO [http-apr-8080-exec-4] org.apache.catalina.core.ApplicationContext.log Initializing Spring root WebApplicationContext
04-Jun-2015 18:09:56.024 INFO [http-apr-8080-exec-4] org.apache.catalina.core.ApplicationContext.log Initializing Spring FrameworkServlet 'dispatcher'
04-Jun-2015 18:09:56.513 INFO [http-apr-8080-exec-8] org.apache.catalina.core.ApplicationContext.log Destroying Spring FrameworkServlet 'dispatcher'
04-Jun-2015 18:09:56.517 INFO [http-apr-8080-exec-8] org.apache.catalina.core.ApplicationContext.log Closing Spring root WebApplicationContext
04-Jun-2015 18:09:58.519 INFO [http-apr-8080-exec-8] org.apache.catalina.core.ApplicationContext.log No Spring WebApplicationInitializer types detected on classpath
04-Jun-2015 18:09:58.556 INFO [http-apr-8080-exec-8] org.apache.catalina.core.ApplicationContext.log Initializing Spring root WebApplicationContext
04-Jun-2015 18:09:58.880 INFO [http-apr-8080-exec-8] org.apache.catalina.core.ApplicationContext.log Initializing Spring FrameworkServlet 'dispatcher'
04-Jun-2015 18:28:42.478 INFO [localhost-startStop-2] org.apache.catalina.core.ApplicationContext.log SessionListener: contextDestroyed()
04-Jun-2015 18:28:42.478 INFO [localhost-startStop-2] org.apache.catalina.core.ApplicationContext.log ContextListener: contextDestroyed()
04-Jun-2015 18:28:42.494 INFO [localhost-startStop-2] org.apache.catalina.core.ApplicationContext.log Destroying Spring FrameworkServlet 'dispatcher'
04-Jun-2015 18:28:42.509 INFO [localhost-startStop-2] org.apache.catalina.core.ApplicationContext.log Closing Spring root WebApplicationContext
04-Jun-2015 18:29:21.034 INFO [localhost-startStop-1] org.apache.catalina.core.ApplicationContext.log No Spring WebApplicationInitializer types detected on classpath
04-Jun-2015 18:29:21.085 INFO [localhost-startStop-1] org.apache.catalina.core.ApplicationContext.log Initializing Spring root WebApplicationContext
04-Jun-2015 18:29:21.527 INFO [localhost-startStop-1] org.apache.catalina.core.ApplicationContext.log Initializing Spring FrameworkServlet 'dispatcher'
04-Jun-2015 18:29:22.239 INFO [localhost-startStop-1] org.apache.catalina.core.ApplicationContext.log ContextListener: contextInitialized()
04-Jun-2015 18:29:22.239 INFO [localhost-startStop-1] org.apache.catalina.core.ApplicationContext.log SessionListener: contextInitialized()
04-Jun-2015 18:29:23.082 INFO [http-apr-8080-exec-4] org.apache.catalina.core.ApplicationContext.log Destroying Spring FrameworkServlet 'dispatcher'
04-Jun-2015 18:29:23.082 INFO [http-apr-8080-exec-4] org.apache.catalina.core.ApplicationContext.log Closing Spring root WebApplicationContext
04-Jun-2015 18:29:24.854 INFO [http-apr-8080-exec-10] org.apache.catalina.core.ApplicationContext.log No Spring WebApplicationInitializer types detected on classpath
04-Jun-2015 18:29:24.901 INFO [http-apr-8080-exec-10] org.apache.catalina.core.ApplicationContext.log Initializing Spring root WebApplicationContext
04-Jun-2015 18:29:25.228 INFO [http-apr-8080-exec-10] org.apache.catalina.core.ApplicationContext.log Initializing Spring FrameworkServlet 'dispatcher'
04-Jun-2015 18:41:06.704 INFO [http-apr-8080-exec-14] org.apache.catalina.core.ApplicationContext.log Destroying Spring FrameworkServlet 'dispatcher'
04-Jun-2015 18:41:06.720 INFO [http-apr-8080-exec-14] org.apache.catalina.core.ApplicationContext.log Closing Spring root WebApplicationContext
04-Jun-2015 18:41:08.530 INFO [http-apr-8080-exec-14] org.apache.catalina.core.ApplicationContext.log No Spring WebApplicationInitializer types detected on classpath
04-Jun-2015 18:41:10.262 INFO [http-apr-8080-exec-15] org.apache.catalina.core.ApplicationContext.log No Spring WebApplicationInitializer types detected on classpath
04-Jun-2015 18:41:14.489 INFO [ContainerBackgroundProcessor[StandardEngine[Catalina]]] org.apache.catalina.core.ApplicationContext.log No Spring WebApplicationInitializer types detected on classpath
04-Jun-2015 18:41:19.109 INFO [http-apr-8080-exec-23] org.apache.catalina.core.ApplicationContext.log No Spring WebApplicationInitializer types detected on classpath
04-Jun-2015 18:44:09.993 INFO [http-apr-8080-exec-13] org.apache.catalina.core.ApplicationContext.log No Spring WebApplicationInitializer types detected on classpath
04-Jun-2015 18:52:17.390 INFO [http-apr-8080-exec-41] org.apache.catalina.core.ApplicationContext.log No Spring WebApplicationInitializer types detected on classpath
04-Jun-2015 18:52:25.929 INFO [http-apr-8080-exec-42] org.apache.catalina.core.ApplicationContext.log No Spring WebApplicationInitializer types detected on classpath
04-Jun-2015 18:52:33.718 SEVERE [http-apr-8080-exec-33] org.apache.catalina.core.StandardWrapperValve.invoke Servlet.service() for servlet [ActionServlet] in context with path [/PB138_SCXML2VoiceXMLWJ] threw exception
 java.lang.IllegalStateException: Unable to process parts as no multi-part configuration has been provided
	at org.apache.catalina.connector.Request.parseParts(Request.java:2674)
	at org.apache.catalina.connector.Request.getParts(Request.java:2641)
	at org.apache.catalina.connector.Request.getPart(Request.java:2818)
	at org.apache.catalina.connector.RequestFacade.getPart(RequestFacade.java:1089)
	at pb138.web.WebServlet.upload(WebServlet.java:93)
	at pb138.web.WebServlet.processRequest(WebServlet.java:58)
	at pb138.web.WebServlet.doPost(WebServlet.java:230)
	at javax.servlet.http.HttpServlet.service(HttpServlet.java:648)
	at javax.servlet.http.HttpServlet.service(HttpServlet.java:729)
	at org.apache.catalina.core.ApplicationFilterChain.internalDoFilter(ApplicationFilterChain.java:291)
	at org.apache.catalina.core.ApplicationFilterChain.doFilter(ApplicationFilterChain.java:206)
	at org.apache.tomcat.websocket.server.WsFilter.doFilter(WsFilter.java:52)
	at org.apache.catalina.core.ApplicationFilterChain.internalDoFilter(ApplicationFilterChain.java:239)
	at org.apache.catalina.core.ApplicationFilterChain.doFilter(ApplicationFilterChain.java:206)
	at org.apache.catalina.core.StandardWrapperValve.invoke(StandardWrapperValve.java:219)
	at org.apache.catalina.core.StandardContextValve.invoke(StandardContextValve.java:106)
	at org.apache.catalina.authenticator.AuthenticatorBase.invoke(AuthenticatorBase.java:502)
	at org.apache.catalina.core.StandardHostValve.invoke(StandardHostValve.java:142)
	at org.apache.catalina.valves.ErrorReportValve.invoke(ErrorReportValve.java:79)
	at org.apache.catalina.valves.AbstractAccessLogValve.invoke(AbstractAccessLogValve.java:617)
	at org.apache.catalina.core.StandardEngineValve.invoke(StandardEngineValve.java:88)
	at org.apache.catalina.connector.CoyoteAdapter.service(CoyoteAdapter.java:518)
	at org.apache.coyote.http11.AbstractHttp11Processor.process(AbstractHttp11Processor.java:1091)
	at org.apache.coyote.AbstractProtocol$AbstractConnectionHandler.process(AbstractProtocol.java:668)
	at org.apache.tomcat.util.net.AprEndpoint$SocketProcessor.doRun(AprEndpoint.java:2463)
	at org.apache.tomcat.util.net.AprEndpoint$SocketProcessor.run(AprEndpoint.java:2452)
	at java.util.concurrent.ThreadPoolExecutor.runWorker(ThreadPoolExecutor.java:1145)
	at java.util.concurrent.ThreadPoolExecutor$Worker.run(ThreadPoolExecutor.java:615)
	at org.apache.tomcat.util.threads.TaskThread$WrappingRunnable.run(TaskThread.java:61)
	at java.lang.Thread.run(Thread.java:724)

04-Jun-2015 18:56:40.099 INFO [http-apr-8080-exec-54] org.apache.catalina.core.ApplicationContext.log No Spring WebApplicationInitializer types detected on classpath
04-Jun-2015 18:56:48.262 INFO [http-apr-8080-exec-45] org.apache.catalina.core.ApplicationContext.log No Spring WebApplicationInitializer types detected on classpath
04-Jun-2015 18:56:55.030 SEVERE [http-apr-8080-exec-52] org.apache.catalina.core.StandardWrapperValve.invoke Servlet.service() for servlet [ActionServlet] in context with path [/PB138_SCXML2VoiceXMLWJ] threw exception
 java.lang.IllegalStateException: Unable to process parts as no multi-part configuration has been provided
	at org.apache.catalina.connector.Request.parseParts(Request.java:2674)
	at org.apache.catalina.connector.Request.getParts(Request.java:2641)
	at org.apache.catalina.connector.Request.getPart(Request.java:2818)
	at org.apache.catalina.connector.RequestFacade.getPart(RequestFacade.java:1089)
	at pb138.web.WebServlet.upload(WebServlet.java:93)
	at pb138.web.WebServlet.processRequest(WebServlet.java:58)
	at pb138.web.WebServlet.doPost(WebServlet.java:230)
	at javax.servlet.http.HttpServlet.service(HttpServlet.java:648)
	at javax.servlet.http.HttpServlet.service(HttpServlet.java:729)
	at org.apache.catalina.core.ApplicationFilterChain.internalDoFilter(ApplicationFilterChain.java:291)
	at org.apache.catalina.core.ApplicationFilterChain.doFilter(ApplicationFilterChain.java:206)
	at org.apache.tomcat.websocket.server.WsFilter.doFilter(WsFilter.java:52)
	at org.apache.catalina.core.ApplicationFilterChain.internalDoFilter(ApplicationFilterChain.java:239)
	at org.apache.catalina.core.ApplicationFilterChain.doFilter(ApplicationFilterChain.java:206)
	at org.apache.catalina.core.StandardWrapperValve.invoke(StandardWrapperValve.java:219)
	at org.apache.catalina.core.StandardContextValve.invoke(StandardContextValve.java:106)
	at org.apache.catalina.authenticator.AuthenticatorBase.invoke(AuthenticatorBase.java:502)
	at org.apache.catalina.core.StandardHostValve.invoke(StandardHostValve.java:142)
	at org.apache.catalina.valves.ErrorReportValve.invoke(ErrorReportValve.java:79)
	at org.apache.catalina.valves.AbstractAccessLogValve.invoke(AbstractAccessLogValve.java:617)
	at org.apache.catalina.core.StandardEngineValve.invoke(StandardEngineValve.java:88)
	at org.apache.catalina.connector.CoyoteAdapter.service(CoyoteAdapter.java:518)
	at org.apache.coyote.http11.AbstractHttp11Processor.process(AbstractHttp11Processor.java:1091)
	at org.apache.coyote.AbstractProtocol$AbstractConnectionHandler.process(AbstractProtocol.java:668)
	at org.apache.tomcat.util.net.AprEndpoint$SocketProcessor.doRun(AprEndpoint.java:2463)
	at org.apache.tomcat.util.net.AprEndpoint$SocketProcessor.run(AprEndpoint.java:2452)
	at java.util.concurrent.ThreadPoolExecutor.runWorker(ThreadPoolExecutor.java:1145)
	at java.util.concurrent.ThreadPoolExecutor$Worker.run(ThreadPoolExecutor.java:615)
	at org.apache.tomcat.util.threads.TaskThread$WrappingRunnable.run(TaskThread.java:61)
	at java.lang.Thread.run(Thread.java:724)

04-Jun-2015 19:01:52.758 INFO [http-apr-8080-exec-66] org.apache.catalina.core.ApplicationContext.log No Spring WebApplicationInitializer types detected on classpath
04-Jun-2015 19:01:59.644 INFO [http-apr-8080-exec-61] org.apache.catalina.core.ApplicationContext.log No Spring WebApplicationInitializer types detected on classpath
04-Jun-2015 19:05:56.703 INFO [localhost-startStop-2] org.apache.catalina.core.ApplicationContext.log SessionListener: contextDestroyed()
04-Jun-2015 19:05:56.703 INFO [localhost-startStop-2] org.apache.catalina.core.ApplicationContext.log ContextListener: contextDestroyed()
04-Jun-2015 19:06:19.268 INFO [localhost-startStop-1] org.apache.catalina.core.ApplicationContext.log No Spring WebApplicationInitializer types detected on classpath
04-Jun-2015 19:06:19.626 INFO [localhost-startStop-1] org.apache.catalina.core.ApplicationContext.log ContextListener: contextInitialized()
04-Jun-2015 19:06:19.626 INFO [localhost-startStop-1] org.apache.catalina.core.ApplicationContext.log SessionListener: contextInitialized()
04-Jun-2015 19:08:36.815 INFO [localhost-startStop-2] org.apache.catalina.core.ApplicationContext.log SessionListener: contextDestroyed()
04-Jun-2015 19:08:36.815 INFO [localhost-startStop-2] org.apache.catalina.core.ApplicationContext.log ContextListener: contextDestroyed()
04-Jun-2015 19:09:26.376 INFO [localhost-startStop-1] org.apache.catalina.core.ApplicationContext.log No Spring WebApplicationInitializer types detected on classpath
04-Jun-2015 19:09:26.750 INFO [localhost-startStop-1] org.apache.catalina.core.ApplicationContext.log ContextListener: contextInitialized()
04-Jun-2015 19:09:26.750 INFO [localhost-startStop-1] org.apache.catalina.core.ApplicationContext.log SessionListener: contextInitialized()
04-Jun-2015 19:09:55.850 INFO [localhost-startStop-2] org.apache.catalina.core.ApplicationContext.log SessionListener: contextDestroyed()
04-Jun-2015 19:09:55.850 INFO [localhost-startStop-2] org.apache.catalina.core.ApplicationContext.log ContextListener: contextDestroyed()
04-Jun-2015 19:10:39.140 INFO [localhost-startStop-1] org.apache.catalina.core.ApplicationContext.log No Spring WebApplicationInitializer types detected on classpath
04-Jun-2015 19:10:39.514 INFO [localhost-startStop-1] org.apache.catalina.core.ApplicationContext.log ContextListener: contextInitialized()
04-Jun-2015 19:10:39.514 INFO [localhost-startStop-1] org.apache.catalina.core.ApplicationContext.log SessionListener: contextInitialized()
04-Jun-2015 19:13:33.760 INFO [http-apr-8080-exec-14] org.apache.catalina.core.ApplicationContext.log No Spring WebApplicationInitializer types detected on classpath
04-Jun-2015 19:14:34.150 INFO [http-apr-8080-exec-12] org.apache.catalina.core.ApplicationContext.log No Spring WebApplicationInitializer types detected on classpath
04-Jun-2015 19:14:36.378 SEVERE [http-apr-8080-exec-13] org.apache.catalina.core.StandardWrapperValve.invoke Servlet.service() for servlet [ActionServlet] in context with path [/PB138_SCXML2VoiceXMLWJ] threw exception
 java.lang.NullPointerException
	at java.io.FileInputStream.<init>(FileInputStream.java:138)
	at pb138.web.WebServlet.download(WebServlet.java:147)
	at pb138.web.WebServlet.processRequest(WebServlet.java:76)
	at pb138.web.WebServlet.doGet(WebServlet.java:214)
	at javax.servlet.http.HttpServlet.service(HttpServlet.java:622)
	at javax.servlet.http.HttpServlet.service(HttpServlet.java:729)
	at org.apache.catalina.core.ApplicationFilterChain.internalDoFilter(ApplicationFilterChain.java:291)
	at org.apache.catalina.core.ApplicationFilterChain.doFilter(ApplicationFilterChain.java:206)
	at org.apache.tomcat.websocket.server.WsFilter.doFilter(WsFilter.java:52)
	at org.apache.catalina.core.ApplicationFilterChain.internalDoFilter(ApplicationFilterChain.java:239)
	at org.apache.catalina.core.ApplicationFilterChain.doFilter(ApplicationFilterChain.java:206)
	at org.apache.catalina.core.StandardWrapperValve.invoke(StandardWrapperValve.java:219)
	at org.apache.catalina.core.StandardContextValve.invoke(StandardContextValve.java:106)
	at org.apache.catalina.authenticator.AuthenticatorBase.invoke(AuthenticatorBase.java:502)
	at org.apache.catalina.core.StandardHostValve.invoke(StandardHostValve.java:142)
	at org.apache.catalina.valves.ErrorReportValve.invoke(ErrorReportValve.java:79)
	at org.apache.catalina.valves.AbstractAccessLogValve.invoke(AbstractAccessLogValve.java:617)
	at org.apache.catalina.core.StandardEngineValve.invoke(StandardEngineValve.java:88)
	at org.apache.catalina.connector.CoyoteAdapter.service(CoyoteAdapter.java:518)
	at org.apache.coyote.http11.AbstractHttp11Processor.process(AbstractHttp11Processor.java:1091)
	at org.apache.coyote.AbstractProtocol$AbstractConnectionHandler.process(AbstractProtocol.java:668)
	at org.apache.tomcat.util.net.AprEndpoint$SocketProcessor.doRun(AprEndpoint.java:2463)
	at org.apache.tomcat.util.net.AprEndpoint$SocketProcessor.run(AprEndpoint.java:2452)
	at java.util.concurrent.ThreadPoolExecutor.runWorker(ThreadPoolExecutor.java:1145)
	at java.util.concurrent.ThreadPoolExecutor$Worker.run(ThreadPoolExecutor.java:615)
	at org.apache.tomcat.util.threads.TaskThread$WrappingRunnable.run(TaskThread.java:61)
	at java.lang.Thread.run(Thread.java:724)

04-Jun-2015 19:21:09.221 INFO [http-apr-8080-exec-32] org.apache.catalina.core.ApplicationContext.log No Spring WebApplicationInitializer types detected on classpath
04-Jun-2015 19:21:18.731 INFO [http-apr-8080-exec-26] org.apache.catalina.core.ApplicationContext.log No Spring WebApplicationInitializer types detected on classpath
04-Jun-2015 19:21:52.787 INFO [http-apr-8080-exec-36] org.apache.catalina.core.ApplicationContext.log No Spring WebApplicationInitializer types detected on classpath
04-Jun-2015 19:21:56.671 INFO [http-apr-8080-exec-35] org.apache.catalina.core.ApplicationContext.log No Spring WebApplicationInitializer types detected on classpath
04-Jun-2015 19:30:40.057 INFO [http-apr-8080-exec-48] org.apache.catalina.core.ApplicationContext.log No Spring WebApplicationInitializer types detected on classpath
04-Jun-2015 19:30:45.207 INFO [http-apr-8080-exec-46] org.apache.catalina.core.ApplicationContext.log No Spring WebApplicationInitializer types detected on classpath
04-Jun-2015 19:32:11.046 INFO [http-apr-8080-exec-45] org.apache.catalina.core.ApplicationContext.log No Spring WebApplicationInitializer types detected on classpath
04-Jun-2015 19:32:13.776 INFO [http-apr-8080-exec-51] org.apache.catalina.core.ApplicationContext.log No Spring WebApplicationInitializer types detected on classpath
04-Jun-2015 19:32:25.746 SEVERE [http-apr-8080-exec-53] org.apache.catalina.core.StandardWrapperValve.invoke Servlet.service() for servlet [ActionServlet] in context with path [/PB138_SCXML2VoiceXMLWJ] threw exception
 java.lang.NullPointerException
	at java.io.FileInputStream.<init>(FileInputStream.java:138)
	at pb138.web.WebServlet.download(WebServlet.java:147)
	at pb138.web.WebServlet.processRequest(WebServlet.java:76)
	at pb138.web.WebServlet.doGet(WebServlet.java:214)
	at javax.servlet.http.HttpServlet.service(HttpServlet.java:622)
	at javax.servlet.http.HttpServlet.service(HttpServlet.java:729)
	at org.apache.catalina.core.ApplicationFilterChain.internalDoFilter(ApplicationFilterChain.java:291)
	at org.apache.catalina.core.ApplicationFilterChain.doFilter(ApplicationFilterChain.java:206)
	at org.apache.tomcat.websocket.server.WsFilter.doFilter(WsFilter.java:52)
	at org.apache.catalina.core.ApplicationFilterChain.internalDoFilter(ApplicationFilterChain.java:239)
	at org.apache.catalina.core.ApplicationFilterChain.doFilter(ApplicationFilterChain.java:206)
	at org.apache.catalina.core.StandardWrapperValve.invoke(StandardWrapperValve.java:219)
	at org.apache.catalina.core.StandardContextValve.invoke(StandardContextValve.java:106)
	at org.apache.catalina.authenticator.AuthenticatorBase.invoke(AuthenticatorBase.java:502)
	at org.apache.catalina.core.StandardHostValve.invoke(StandardHostValve.java:142)
	at org.apache.catalina.valves.ErrorReportValve.invoke(ErrorReportValve.java:79)
	at org.apache.catalina.valves.AbstractAccessLogValve.invoke(AbstractAccessLogValve.java:617)
	at org.apache.catalina.core.StandardEngineValve.invoke(StandardEngineValve.java:88)
	at org.apache.catalina.connector.CoyoteAdapter.service(CoyoteAdapter.java:518)
	at org.apache.coyote.http11.AbstractHttp11Processor.process(AbstractHttp11Processor.java:1091)
	at org.apache.coyote.AbstractProtocol$AbstractConnectionHandler.process(AbstractProtocol.java:668)
	at org.apache.tomcat.util.net.AprEndpoint$SocketProcessor.doRun(AprEndpoint.java:2463)
	at org.apache.tomcat.util.net.AprEndpoint$SocketProcessor.run(AprEndpoint.java:2452)
	at java.util.concurrent.ThreadPoolExecutor.runWorker(ThreadPoolExecutor.java:1145)
	at java.util.concurrent.ThreadPoolExecutor$Worker.run(ThreadPoolExecutor.java:615)
	at org.apache.tomcat.util.threads.TaskThread$WrappingRunnable.run(TaskThread.java:61)
	at java.lang.Thread.run(Thread.java:724)

04-Jun-2015 19:32:41.982 INFO [http-apr-8080-exec-62] org.apache.catalina.core.ApplicationContext.log No Spring WebApplicationInitializer types detected on classpath
04-Jun-2015 19:32:49.285 INFO [http-apr-8080-exec-54] org.apache.catalina.core.ApplicationContext.log No Spring WebApplicationInitializer types detected on classpath
04-Jun-2015 19:33:32.879 INFO [http-apr-8080-exec-67] org.apache.catalina.core.ApplicationContext.log No Spring WebApplicationInitializer types detected on classpath
04-Jun-2015 19:33:34.720 INFO [http-apr-8080-exec-60] org.apache.catalina.core.ApplicationContext.log No Spring WebApplicationInitializer types detected on classpath
04-Jun-2015 19:34:46.685 INFO [http-apr-8080-exec-74] org.apache.catalina.core.ApplicationContext.log No Spring WebApplicationInitializer types detected on classpath
04-Jun-2015 19:34:51.228 INFO [http-apr-8080-exec-66] org.apache.catalina.core.ApplicationContext.log No Spring WebApplicationInitializer types detected on classpath
04-Jun-2015 19:45:06.204 INFO [http-apr-8080-exec-86] org.apache.catalina.core.ApplicationContext.log No Spring WebApplicationInitializer types detected on classpath
04-Jun-2015 19:45:09.544 INFO [http-apr-8080-exec-85] org.apache.catalina.core.ApplicationContext.log No Spring WebApplicationInitializer types detected on classpath
04-Jun-2015 19:45:22.792 SEVERE [http-apr-8080-exec-89] org.apache.catalina.core.StandardWrapperValve.invoke Servlet.service() for servlet [ActionServlet] in context with path [/PB138_SCXML2VoiceXMLWJ] threw exception
 java.io.FileNotFoundException: Y:\MUNI\MODERNI_ZNACKOVACI\apache-tomcat-8.0.22-windows-x64\apache-tomcat-8.0.22\bin\output.vxml (The system cannot find the file specified)
	at java.io.FileInputStream.open(Native Method)
	at java.io.FileInputStream.<init>(FileInputStream.java:146)
	at pb138.web.WebServlet.download(WebServlet.java:148)
	at pb138.web.WebServlet.processRequest(WebServlet.java:76)
	at pb138.web.WebServlet.doGet(WebServlet.java:211)
	at javax.servlet.http.HttpServlet.service(HttpServlet.java:622)
	at javax.servlet.http.HttpServlet.service(HttpServlet.java:729)
	at org.apache.catalina.core.ApplicationFilterChain.internalDoFilter(ApplicationFilterChain.java:291)
	at org.apache.catalina.core.ApplicationFilterChain.doFilter(ApplicationFilterChain.java:206)
	at org.apache.tomcat.websocket.server.WsFilter.doFilter(WsFilter.java:52)
	at org.apache.catalina.core.ApplicationFilterChain.internalDoFilter(ApplicationFilterChain.java:239)
	at org.apache.catalina.core.ApplicationFilterChain.doFilter(ApplicationFilterChain.java:206)
	at org.apache.catalina.core.StandardWrapperValve.invoke(StandardWrapperValve.java:219)
	at org.apache.catalina.core.StandardContextValve.invoke(StandardContextValve.java:106)
	at org.apache.catalina.authenticator.AuthenticatorBase.invoke(AuthenticatorBase.java:502)
	at org.apache.catalina.core.StandardHostValve.invoke(StandardHostValve.java:142)
	at org.apache.catalina.valves.ErrorReportValve.invoke(ErrorReportValve.java:79)
	at org.apache.catalina.valves.AbstractAccessLogValve.invoke(AbstractAccessLogValve.java:617)
	at org.apache.catalina.core.StandardEngineValve.invoke(StandardEngineValve.java:88)
	at org.apache.catalina.connector.CoyoteAdapter.service(CoyoteAdapter.java:518)
	at org.apache.coyote.http11.AbstractHttp11Processor.process(AbstractHttp11Processor.java:1091)
	at org.apache.coyote.AbstractProtocol$AbstractConnectionHandler.process(AbstractProtocol.java:668)
	at org.apache.tomcat.util.net.AprEndpoint$SocketProcessor.doRun(AprEndpoint.java:2463)
	at org.apache.tomcat.util.net.AprEndpoint$SocketProcessor.run(AprEndpoint.java:2452)
	at java.util.concurrent.ThreadPoolExecutor.runWorker(ThreadPoolExecutor.java:1145)
	at java.util.concurrent.ThreadPoolExecutor$Worker.run(ThreadPoolExecutor.java:615)
	at org.apache.tomcat.util.threads.TaskThread$WrappingRunnable.run(TaskThread.java:61)
	at java.lang.Thread.run(Thread.java:724)

04-Jun-2015 19:46:46.924 INFO [http-apr-8080-exec-82] org.apache.catalina.core.ApplicationContext.log No Spring WebApplicationInitializer types detected on classpath
04-Jun-2015 19:46:49.639 INFO [http-apr-8080-exec-79] org.apache.catalina.core.ApplicationContext.log No Spring WebApplicationInitializer types detected on classpath
04-Jun-2015 19:48:22.895 INFO [http-apr-8080-exec-97] org.apache.catalina.core.ApplicationContext.log No Spring WebApplicationInitializer types detected on classpath
04-Jun-2015 19:49:21.899 SEVERE [http-apr-8080-exec-104] org.apache.catalina.core.StandardWrapperValve.invoke Servlet.service() for servlet [ActionServlet] in context with path [/pb138-WebApp] threw exception
 java.io.FileNotFoundException: Y:\MUNI\MODERNI_ZNACKOVACI\apache-tomcat-8.0.22-windows-x64\apache-tomcat-8.0.22\bin\result.svg (The system cannot find the file specified)
	at java.io.FileInputStream.open(Native Method)
	at java.io.FileInputStream.<init>(FileInputStream.java:146)
	at pb138.web.ActionServlet.downloadSVG(ActionServlet.java:152)
	at pb138.web.ActionServlet.processRequest(ActionServlet.java:68)
	at pb138.web.ActionServlet.doGet(ActionServlet.java:283)
	at javax.servlet.http.HttpServlet.service(HttpServlet.java:622)
	at javax.servlet.http.HttpServlet.service(HttpServlet.java:729)
	at org.apache.catalina.core.ApplicationFilterChain.internalDoFilter(ApplicationFilterChain.java:291)
	at org.apache.catalina.core.ApplicationFilterChain.doFilter(ApplicationFilterChain.java:206)
	at org.apache.tomcat.websocket.server.WsFilter.doFilter(WsFilter.java:52)
	at org.apache.catalina.core.ApplicationFilterChain.internalDoFilter(ApplicationFilterChain.java:239)
	at org.apache.catalina.core.ApplicationFilterChain.doFilter(ApplicationFilterChain.java:206)
	at org.apache.catalina.core.StandardWrapperValve.invoke(StandardWrapperValve.java:219)
	at org.apache.catalina.core.StandardContextValve.invoke(StandardContextValve.java:106)
	at org.apache.catalina.authenticator.AuthenticatorBase.invoke(AuthenticatorBase.java:502)
	at org.apache.catalina.core.StandardHostValve.invoke(StandardHostValve.java:142)
	at org.apache.catalina.valves.ErrorReportValve.invoke(ErrorReportValve.java:79)
	at org.apache.catalina.valves.AbstractAccessLogValve.invoke(AbstractAccessLogValve.java:617)
	at org.apache.catalina.core.StandardEngineValve.invoke(StandardEngineValve.java:88)
	at org.apache.catalina.connector.CoyoteAdapter.service(CoyoteAdapter.java:518)
	at org.apache.coyote.http11.AbstractHttp11Processor.process(AbstractHttp11Processor.java:1091)
	at org.apache.coyote.AbstractProtocol$AbstractConnectionHandler.process(AbstractProtocol.java:668)
	at org.apache.tomcat.util.net.AprEndpoint$SocketProcessor.doRun(AprEndpoint.java:2463)
	at org.apache.tomcat.util.net.AprEndpoint$SocketProcessor.run(AprEndpoint.java:2452)
	at java.util.concurrent.ThreadPoolExecutor.runWorker(ThreadPoolExecutor.java:1145)
	at java.util.concurrent.ThreadPoolExecutor$Worker.run(ThreadPoolExecutor.java:615)
	at org.apache.tomcat.util.threads.TaskThread$WrappingRunnable.run(TaskThread.java:61)
	at java.lang.Thread.run(Thread.java:724)

04-Jun-2015 19:49:22.000 SEVERE [http-apr-8080-exec-106] org.apache.catalina.core.StandardWrapperValve.invoke Servlet.service() for servlet [ActionServlet] in context with path [/pb138-WebApp] threw exception
 java.io.FileNotFoundException: Y:\MUNI\MODERNI_ZNACKOVACI\apache-tomcat-8.0.22-windows-x64\apache-tomcat-8.0.22\bin\result.svg (The system cannot find the file specified)
	at java.io.FileInputStream.open(Native Method)
	at java.io.FileInputStream.<init>(FileInputStream.java:146)
	at pb138.web.ActionServlet.downloadSVG(ActionServlet.java:152)
	at pb138.web.ActionServlet.processRequest(ActionServlet.java:68)
	at pb138.web.ActionServlet.doGet(ActionServlet.java:283)
	at javax.servlet.http.HttpServlet.service(HttpServlet.java:622)
	at javax.servlet.http.HttpServlet.service(HttpServlet.java:729)
	at org.apache.catalina.core.ApplicationFilterChain.internalDoFilter(ApplicationFilterChain.java:291)
	at org.apache.catalina.core.ApplicationFilterChain.doFilter(ApplicationFilterChain.java:206)
	at org.apache.tomcat.websocket.server.WsFilter.doFilter(WsFilter.java:52)
	at org.apache.catalina.core.ApplicationFilterChain.internalDoFilter(ApplicationFilterChain.java:239)
	at org.apache.catalina.core.ApplicationFilterChain.doFilter(ApplicationFilterChain.java:206)
	at org.apache.catalina.core.StandardWrapperValve.invoke(StandardWrapperValve.java:219)
	at org.apache.catalina.core.StandardContextValve.invoke(StandardContextValve.java:106)
	at org.apache.catalina.authenticator.AuthenticatorBase.invoke(AuthenticatorBase.java:502)
	at org.apache.catalina.core.StandardHostValve.invoke(StandardHostValve.java:142)
	at org.apache.catalina.valves.ErrorReportValve.invoke(ErrorReportValve.java:79)
	at org.apache.catalina.valves.AbstractAccessLogValve.invoke(AbstractAccessLogValve.java:617)
	at org.apache.catalina.core.StandardEngineValve.invoke(StandardEngineValve.java:88)
	at org.apache.catalina.connector.CoyoteAdapter.service(CoyoteAdapter.java:518)
	at org.apache.coyote.http11.AbstractHttp11Processor.process(AbstractHttp11Processor.java:1091)
	at org.apache.coyote.AbstractProtocol$AbstractConnectionHandler.process(AbstractProtocol.java:668)
	at org.apache.tomcat.util.net.AprEndpoint$SocketProcessor.doRun(AprEndpoint.java:2463)
	at org.apache.tomcat.util.net.AprEndpoint$SocketProcessor.run(AprEndpoint.java:2452)
	at java.util.concurrent.ThreadPoolExecutor.runWorker(ThreadPoolExecutor.java:1145)
	at java.util.concurrent.ThreadPoolExecutor$Worker.run(ThreadPoolExecutor.java:615)
	at org.apache.tomcat.util.threads.TaskThread$WrappingRunnable.run(TaskThread.java:61)
	at java.lang.Thread.run(Thread.java:724)

04-Jun-2015 19:49:24.370 SEVERE [http-apr-8080-exec-107] org.apache.catalina.core.StandardWrapperValve.invoke Servlet.service() for servlet [ActionServlet] in context with path [/pb138-WebApp] threw exception
 java.io.FileNotFoundException: Y:\MUNI\MODERNI_ZNACKOVACI\apache-tomcat-8.0.22-windows-x64\apache-tomcat-8.0.22\bin\new.scxml (The system cannot find the file specified)
	at java.io.FileInputStream.open(Native Method)
	at java.io.FileInputStream.<init>(FileInputStream.java:146)
	at pb138.web.ActionServlet.downloadXML(ActionServlet.java:181)
	at pb138.web.ActionServlet.processRequest(ActionServlet.java:72)
	at pb138.web.ActionServlet.doGet(ActionServlet.java:283)
	at javax.servlet.http.HttpServlet.service(HttpServlet.java:622)
	at javax.servlet.http.HttpServlet.service(HttpServlet.java:729)
	at org.apache.catalina.core.ApplicationFilterChain.internalDoFilter(ApplicationFilterChain.java:291)
	at org.apache.catalina.core.ApplicationFilterChain.doFilter(ApplicationFilterChain.java:206)
	at org.apache.tomcat.websocket.server.WsFilter.doFilter(WsFilter.java:52)
	at org.apache.catalina.core.ApplicationFilterChain.internalDoFilter(ApplicationFilterChain.java:239)
	at org.apache.catalina.core.ApplicationFilterChain.doFilter(ApplicationFilterChain.java:206)
	at org.apache.catalina.core.StandardWrapperValve.invoke(StandardWrapperValve.java:219)
	at org.apache.catalina.core.StandardContextValve.invoke(StandardContextValve.java:106)
	at org.apache.catalina.authenticator.AuthenticatorBase.invoke(AuthenticatorBase.java:502)
	at org.apache.catalina.core.StandardHostValve.invoke(StandardHostValve.java:142)
	at org.apache.catalina.valves.ErrorReportValve.invoke(ErrorReportValve.java:79)
	at org.apache.catalina.valves.AbstractAccessLogValve.invoke(AbstractAccessLogValve.java:617)
	at org.apache.catalina.core.StandardEngineValve.invoke(StandardEngineValve.java:88)
	at org.apache.catalina.connector.CoyoteAdapter.service(CoyoteAdapter.java:518)
	at org.apache.coyote.http11.AbstractHttp11Processor.process(AbstractHttp11Processor.java:1091)
	at org.apache.coyote.AbstractProtocol$AbstractConnectionHandler.process(AbstractProtocol.java:668)
	at org.apache.tomcat.util.net.AprEndpoint$SocketProcessor.doRun(AprEndpoint.java:2463)
	at org.apache.tomcat.util.net.AprEndpoint$SocketProcessor.run(AprEndpoint.java:2452)
	at java.util.concurrent.ThreadPoolExecutor.runWorker(ThreadPoolExecutor.java:1145)
	at java.util.concurrent.ThreadPoolExecutor$Worker.run(ThreadPoolExecutor.java:615)
	at org.apache.tomcat.util.threads.TaskThread$WrappingRunnable.run(TaskThread.java:61)
	at java.lang.Thread.run(Thread.java:724)

04-Jun-2015 19:49:24.428 SEVERE [http-apr-8080-exec-109] org.apache.catalina.core.StandardWrapperValve.invoke Servlet.service() for servlet [ActionServlet] in context with path [/pb138-WebApp] threw exception
 java.io.FileNotFoundException: Y:\MUNI\MODERNI_ZNACKOVACI\apache-tomcat-8.0.22-windows-x64\apache-tomcat-8.0.22\bin\new.scxml (The system cannot find the file specified)
	at java.io.FileInputStream.open(Native Method)
	at java.io.FileInputStream.<init>(FileInputStream.java:146)
	at pb138.web.ActionServlet.downloadXML(ActionServlet.java:181)
	at pb138.web.ActionServlet.processRequest(ActionServlet.java:72)
	at pb138.web.ActionServlet.doGet(ActionServlet.java:283)
	at javax.servlet.http.HttpServlet.service(HttpServlet.java:622)
	at javax.servlet.http.HttpServlet.service(HttpServlet.java:729)
	at org.apache.catalina.core.ApplicationFilterChain.internalDoFilter(ApplicationFilterChain.java:291)
	at org.apache.catalina.core.ApplicationFilterChain.doFilter(ApplicationFilterChain.java:206)
	at org.apache.tomcat.websocket.server.WsFilter.doFilter(WsFilter.java:52)
	at org.apache.catalina.core.ApplicationFilterChain.internalDoFilter(ApplicationFilterChain.java:239)
	at org.apache.catalina.core.ApplicationFilterChain.doFilter(ApplicationFilterChain.java:206)
	at org.apache.catalina.core.StandardWrapperValve.invoke(StandardWrapperValve.java:219)
	at org.apache.catalina.core.StandardContextValve.invoke(StandardContextValve.java:106)
	at org.apache.catalina.authenticator.AuthenticatorBase.invoke(AuthenticatorBase.java:502)
	at org.apache.catalina.core.StandardHostValve.invoke(StandardHostValve.java:142)
	at org.apache.catalina.valves.ErrorReportValve.invoke(ErrorReportValve.java:79)
	at org.apache.catalina.valves.AbstractAccessLogValve.invoke(AbstractAccessLogValve.java:617)
	at org.apache.catalina.core.StandardEngineValve.invoke(StandardEngineValve.java:88)
	at org.apache.catalina.connector.CoyoteAdapter.service(CoyoteAdapter.java:518)
	at org.apache.coyote.http11.AbstractHttp11Processor.process(AbstractHttp11Processor.java:1091)
	at org.apache.coyote.AbstractProtocol$AbstractConnectionHandler.process(AbstractProtocol.java:668)
	at org.apache.tomcat.util.net.AprEndpoint$SocketProcessor.doRun(AprEndpoint.java:2463)
	at org.apache.tomcat.util.net.AprEndpoint$SocketProcessor.run(AprEndpoint.java:2452)
	at java.util.concurrent.ThreadPoolExecutor.runWorker(ThreadPoolExecutor.java:1145)
	at java.util.concurrent.ThreadPoolExecutor$Worker.run(ThreadPoolExecutor.java:615)
	at org.apache.tomcat.util.threads.TaskThread$WrappingRunnable.run(TaskThread.java:61)
	at java.lang.Thread.run(Thread.java:724)

04-Jun-2015 19:51:58.688 INFO [http-apr-8080-exec-113] org.apache.catalina.core.ApplicationContext.log No Spring WebApplicationInitializer types detected on classpath
04-Jun-2015 19:52:13.402 INFO [http-apr-8080-exec-112] org.apache.catalina.core.ApplicationContext.log No Spring WebApplicationInitializer types detected on classpath
04-Jun-2015 19:52:30.491 INFO [http-apr-8080-exec-106] org.apache.catalina.core.ApplicationContext.log No Spring WebApplicationInitializer types detected on classpath
04-Jun-2015 19:55:05.379 INFO [http-apr-8080-exec-110] org.apache.catalina.core.ApplicationContext.log No Spring WebApplicationInitializer types detected on classpath
04-Jun-2015 19:55:07.454 INFO [http-apr-8080-exec-105] org.apache.catalina.core.ApplicationContext.log No Spring WebApplicationInitializer types detected on classpath
04-Jun-2015 19:56:24.738 INFO [http-apr-8080-exec-118] org.apache.catalina.core.ApplicationContext.log No Spring WebApplicationInitializer types detected on classpath
04-Jun-2015 19:56:33.480 INFO [http-apr-8080-exec-125] org.apache.catalina.core.ApplicationContext.log No Spring WebApplicationInitializer types detected on classpath
04-Jun-2015 20:00:10.336 INFO [http-apr-8080-exec-137] org.apache.catalina.core.ApplicationContext.log No Spring WebApplicationInitializer types detected on classpath
04-Jun-2015 20:00:15.083 INFO [http-apr-8080-exec-138] org.apache.catalina.core.ApplicationContext.log No Spring WebApplicationInitializer types detected on classpath
04-Jun-2015 20:01:13.482 INFO [http-apr-8080-exec-142] org.apache.catalina.core.ApplicationContext.log No Spring WebApplicationInitializer types detected on classpath
04-Jun-2015 20:01:17.830 INFO [localhost-startStop-2] org.apache.catalina.core.ApplicationContext.log SessionListener: contextDestroyed()
04-Jun-2015 20:01:17.830 INFO [localhost-startStop-2] org.apache.catalina.core.ApplicationContext.log ContextListener: contextDestroyed()
04-Jun-2015 20:24:45.973 INFO [localhost-startStop-1] org.apache.catalina.core.ApplicationContext.log No Spring WebApplicationInitializer types detected on classpath
04-Jun-2015 20:24:46.757 INFO [localhost-startStop-1] org.apache.catalina.core.ApplicationContext.log ContextListener: contextInitialized()
04-Jun-2015 20:24:46.757 INFO [localhost-startStop-1] org.apache.catalina.core.ApplicationContext.log SessionListener: contextInitialized()
04-Jun-2015 20:24:51.545 INFO [http-apr-8080-exec-6] org.apache.catalina.core.ApplicationContext.log No Spring WebApplicationInitializer types detected on classpath
04-Jun-2015 20:29:32.208 INFO [http-apr-8080-exec-19] org.apache.catalina.core.ApplicationContext.log No Spring WebApplicationInitializer types detected on classpath
04-Jun-2015 20:29:37.030 INFO [http-apr-8080-exec-22] org.apache.catalina.core.ApplicationContext.log No Spring WebApplicationInitializer types detected on classpath
04-Jun-2015 20:33:24.147 INFO [http-apr-8080-exec-13] org.apache.catalina.core.ApplicationContext.log No Spring WebApplicationInitializer types detected on classpath
04-Jun-2015 20:33:43.675 INFO [http-apr-8080-exec-26] org.apache.catalina.core.ApplicationContext.log No Spring WebApplicationInitializer types detected on classpath
04-Jun-2015 20:47:29.282 INFO [http-apr-8080-exec-45] org.apache.catalina.core.ApplicationContext.log No Spring WebApplicationInitializer types detected on classpath
04-Jun-2015 20:50:05.256 INFO [http-apr-8080-exec-50] org.apache.catalina.core.ApplicationContext.log No Spring WebApplicationInitializer types detected on classpath
04-Jun-2015 20:53:04.241 INFO [http-apr-8080-exec-56] org.apache.catalina.core.ApplicationContext.log No Spring WebApplicationInitializer types detected on classpath
04-Jun-2015 20:53:16.778 INFO [http-apr-8080-exec-54] org.apache.catalina.core.ApplicationContext.log No Spring WebApplicationInitializer types detected on classpath
04-Jun-2015 20:58:44.144 INFO [localhost-startStop-2] org.apache.catalina.core.ApplicationContext.log SessionListener: contextDestroyed()
04-Jun-2015 20:58:44.144 INFO [localhost-startStop-2] org.apache.catalina.core.ApplicationContext.log ContextListener: contextDestroyed()
