05-Jun-2015 15:13:31.505 INFO [http-apr-8080-exec-1] org.apache.catalina.core.ApplicationContext.log Manager: init: Associated with Deployer 'Catalina:type=Deployer,host=localhost'
05-Jun-2015 15:13:31.505 INFO [http-apr-8080-exec-1] org.apache.catalina.core.ApplicationContext.log Manager: init: Global resources are available
05-Jun-2015 15:13:31.520 INFO [http-apr-8080-exec-1] org.apache.catalina.core.ApplicationContext.log Manager: list: Listing contexts for virtual host 'localhost'
05-Jun-2015 15:13:31.520 INFO [http-apr-8080-exec-2] org.apache.catalina.core.ApplicationContext.log Manager: list: Listing contexts for virtual host 'localhost'
05-Jun-2015 15:13:31.598 INFO [http-apr-8080-exec-4] org.apache.catalina.core.ApplicationContext.log Manager: restart: Reloading web application '/PB138_SCXML2VoiceXMLWJ'
05-Jun-2015 15:15:44.283 INFO [http-apr-8080-exec-16] org.apache.catalina.core.ApplicationContext.log Manager: list: Listing contexts for virtual host 'localhost'
05-Jun-2015 15:15:52.295 INFO [http-apr-8080-exec-9] org.apache.catalina.core.ApplicationContext.log Manager: list: Listing contexts for virtual host 'localhost'
05-Jun-2015 15:15:52.295 INFO [http-apr-8080-exec-11] org.apache.catalina.core.ApplicationContext.log Manager: list: Listing contexts for virtual host 'localhost'
05-Jun-2015 15:17:43.792 INFO [http-apr-8080-exec-14] org.apache.catalina.core.ApplicationContext.log Manager: list: Listing contexts for virtual host 'localhost'
05-Jun-2015 15:17:43.792 INFO [http-apr-8080-exec-15] org.apache.catalina.core.ApplicationContext.log Manager: restart: Reloading web application '/PB138_SCXML2VoiceXMLWJ'
05-Jun-2015 15:17:48.835 INFO [http-apr-8080-exec-17] org.apache.catalina.core.ApplicationContext.log Manager: list: Listing contexts for virtual host 'localhost'
05-Jun-2015 15:17:48.835 INFO [http-apr-8080-exec-18] org.apache.catalina.core.ApplicationContext.log Manager: list: Listing contexts for virtual host 'localhost'
05-Jun-2015 15:17:48.867 INFO [http-apr-8080-exec-22] org.apache.catalina.core.ApplicationContext.log Manager: restart: Reloading web application '/PB138_SCXML2VoiceXMLWJ'
05-Jun-2015 15:18:15.294 INFO [http-apr-8080-exec-20] org.apache.catalina.core.ApplicationContext.log Manager: list: Listing contexts for virtual host 'localhost'
05-Jun-2015 15:18:15.310 INFO [http-apr-8080-exec-14] org.apache.catalina.core.ApplicationContext.log Manager: restart: Reloading web application '/PB138_SCXML2VoiceXMLWJ'
05-Jun-2015 15:18:18.597 INFO [http-apr-8080-exec-24] org.apache.catalina.core.ApplicationContext.log Manager: list: Listing contexts for virtual host 'localhost'
05-Jun-2015 15:18:18.613 INFO [http-apr-8080-exec-18] org.apache.catalina.core.ApplicationContext.log Manager: list: Listing contexts for virtual host 'localhost'
05-Jun-2015 15:18:18.644 INFO [http-apr-8080-exec-27] org.apache.catalina.core.ApplicationContext.log Manager: restart: Reloading web application '/PB138_SCXML2VoiceXMLWJ'
05-Jun-2015 15:18:42.218 INFO [http-apr-8080-exec-26] org.apache.catalina.core.ApplicationContext.log Manager: list: Listing contexts for virtual host 'localhost'
05-Jun-2015 15:18:42.234 INFO [http-apr-8080-exec-11] org.apache.catalina.core.ApplicationContext.log Manager: restart: Reloading web application '/PB138_SCXML2VoiceXMLWJ'
05-Jun-2015 15:18:45.354 INFO [http-apr-8080-exec-18] org.apache.catalina.core.ApplicationContext.log Manager: list: Listing contexts for virtual host 'localhost'
05-Jun-2015 15:18:45.370 INFO [http-apr-8080-exec-29] org.apache.catalina.core.ApplicationContext.log Manager: list: Listing contexts for virtual host 'localhost'
05-Jun-2015 15:18:45.401 INFO [http-apr-8080-exec-28] org.apache.catalina.core.ApplicationContext.log Manager: restart: Reloading web application '/PB138_SCXML2VoiceXMLWJ'
05-Jun-2015 15:19:11.792 INFO [http-apr-8080-exec-29] org.apache.catalina.core.ApplicationContext.log Manager: list: Listing contexts for virtual host 'localhost'
05-Jun-2015 15:19:11.807 INFO [http-apr-8080-exec-23] org.apache.catalina.core.ApplicationContext.log Manager: restart: Reloading web application '/PB138_SCXML2VoiceXMLWJ'
05-Jun-2015 15:19:14.428 INFO [http-apr-8080-exec-31] org.apache.catalina.core.ApplicationContext.log Manager: list: Listing contexts for virtual host 'localhost'
05-Jun-2015 15:19:14.444 INFO [http-apr-8080-exec-35] org.apache.catalina.core.ApplicationContext.log Manager: list: Listing contexts for virtual host 'localhost'
05-Jun-2015 15:19:14.475 INFO [http-apr-8080-exec-20] org.apache.catalina.core.ApplicationContext.log Manager: restart: Reloading web application '/PB138_SCXML2VoiceXMLWJ'
05-Jun-2015 15:20:11.407 INFO [http-apr-8080-exec-12] org.apache.catalina.core.ApplicationContext.log Manager: list: Listing contexts for virtual host 'localhost'
05-Jun-2015 15:20:11.407 INFO [http-apr-8080-exec-34] org.apache.catalina.core.ApplicationContext.log Manager: restart: Reloading web application '/PB138_SCXML2VoiceXMLWJ'
05-Jun-2015 15:20:15.419 INFO [http-apr-8080-exec-40] org.apache.catalina.core.ApplicationContext.log Manager: list: Listing contexts for virtual host 'localhost'
05-Jun-2015 15:20:15.419 INFO [http-apr-8080-exec-35] org.apache.catalina.core.ApplicationContext.log Manager: list: Listing contexts for virtual host 'localhost'
05-Jun-2015 15:20:15.450 INFO [http-apr-8080-exec-42] org.apache.catalina.core.ApplicationContext.log Manager: restart: Reloading web application '/PB138_SCXML2VoiceXMLWJ'
05-Jun-2015 15:21:46.052 INFO [http-apr-8080-exec-19] org.apache.catalina.core.ApplicationContext.log Manager: list: Listing contexts for virtual host 'localhost'
05-Jun-2015 15:21:46.052 INFO [http-apr-8080-exec-43] org.apache.catalina.core.ApplicationContext.log Manager: list: Listing contexts for virtual host 'localhost'
05-Jun-2015 15:23:34.619 INFO [http-apr-8080-exec-51] org.apache.catalina.core.ApplicationContext.log Manager: list: Listing contexts for virtual host 'localhost'
05-Jun-2015 15:23:34.635 INFO [http-apr-8080-exec-49] org.apache.catalina.core.ApplicationContext.log Manager: restart: Reloading web application '/PB138_SCXML2VoiceXMLWJ'
05-Jun-2015 15:23:38.982 INFO [http-apr-8080-exec-43] org.apache.catalina.core.ApplicationContext.log Manager: list: Listing contexts for virtual host 'localhost'
05-Jun-2015 15:23:38.982 INFO [http-apr-8080-exec-47] org.apache.catalina.core.ApplicationContext.log Manager: list: Listing contexts for virtual host 'localhost'
05-Jun-2015 15:23:39.013 INFO [http-apr-8080-exec-54] org.apache.catalina.core.ApplicationContext.log Manager: restart: Reloading web application '/PB138_SCXML2VoiceXMLWJ'
05-Jun-2015 15:34:09.533 INFO [http-apr-8080-exec-62] org.apache.catalina.core.ApplicationContext.log Manager: list: Listing contexts for virtual host 'localhost'
05-Jun-2015 15:34:10.809 INFO [http-apr-8080-exec-59] org.apache.catalina.core.ApplicationContext.log Manager: list: Listing contexts for virtual host 'localhost'
05-Jun-2015 15:34:10.820 INFO [http-apr-8080-exec-60] org.apache.catalina.core.ApplicationContext.log Manager: restart: Reloading web application '/PB138_SCXML2VoiceXMLWJ'
05-Jun-2015 15:35:01.861 INFO [http-apr-8080-exec-65] org.apache.catalina.core.ApplicationContext.log Manager: list: Listing contexts for virtual host 'localhost'
05-Jun-2015 15:35:09.769 INFO [http-apr-8080-exec-58] org.apache.catalina.core.ApplicationContext.log Manager: list: Listing contexts for virtual host 'localhost'
05-Jun-2015 15:35:09.769 INFO [http-apr-8080-exec-66] org.apache.catalina.core.ApplicationContext.log Manager: list: Listing contexts for virtual host 'localhost'
05-Jun-2015 15:35:09.810 INFO [http-apr-8080-exec-67] org.apache.catalina.core.ApplicationContext.log Manager: restart: Reloading web application '/PB138_SCXML2VoiceXMLWJ'
05-Jun-2015 15:40:11.426 INFO [http-apr-8080-exec-75] org.apache.catalina.core.ApplicationContext.log Manager: list: Listing contexts for virtual host 'localhost'
05-Jun-2015 15:40:11.886 INFO [http-apr-8080-exec-76] org.apache.catalina.core.ApplicationContext.log Manager: list: Listing contexts for virtual host 'localhost'
05-Jun-2015 15:40:11.896 INFO [http-apr-8080-exec-77] org.apache.catalina.core.ApplicationContext.log Manager: list: Listing contexts for virtual host 'localhost'
05-Jun-2015 15:40:17.446 INFO [http-apr-8080-exec-71] org.apache.catalina.core.ApplicationContext.log Manager: list: Listing contexts for virtual host 'localhost'
05-Jun-2015 15:40:17.456 INFO [http-apr-8080-exec-72] org.apache.catalina.core.ApplicationContext.log Manager: list: Listing contexts for virtual host 'localhost'
05-Jun-2015 15:42:53.631 INFO [http-apr-8080-exec-75] org.apache.catalina.core.ApplicationContext.log Manager: list: Listing contexts for virtual host 'localhost'
05-Jun-2015 15:44:50.891 INFO [http-apr-8080-exec-75] org.apache.catalina.core.ApplicationContext.log Manager: list: Listing contexts for virtual host 'localhost'
05-Jun-2015 15:45:54.837 INFO [http-apr-8080-exec-77] org.apache.catalina.core.ApplicationContext.log Manager: list: Listing contexts for virtual host 'localhost'
05-Jun-2015 15:45:54.847 INFO [http-apr-8080-exec-68] org.apache.catalina.core.ApplicationContext.log Manager: list: Listing contexts for virtual host 'localhost'
05-Jun-2015 15:57:52.122 INFO [http-apr-8080-exec-72] org.apache.catalina.core.ApplicationContext.log Manager: list: Listing contexts for virtual host 'localhost'
05-Jun-2015 15:57:52.132 INFO [http-apr-8080-exec-73] org.apache.catalina.core.ApplicationContext.log Manager: restart: Reloading web application '/PB138_SCXML2VoiceXMLWJ'
05-Jun-2015 15:58:16.175 INFO [http-apr-8080-exec-1] org.apache.catalina.core.ApplicationContext.log Manager: init: Associated with Deployer 'Catalina:type=Deployer,host=localhost'
05-Jun-2015 15:58:16.175 INFO [http-apr-8080-exec-1] org.apache.catalina.core.ApplicationContext.log Manager: init: Global resources are available
05-Jun-2015 15:58:16.175 INFO [http-apr-8080-exec-1] org.apache.catalina.core.ApplicationContext.log Manager: list: Listing contexts for virtual host 'localhost'
05-Jun-2015 15:58:16.185 INFO [http-apr-8080-exec-2] org.apache.catalina.core.ApplicationContext.log Manager: list: Listing contexts for virtual host 'localhost'
05-Jun-2015 15:58:16.215 INFO [http-apr-8080-exec-4] org.apache.catalina.core.ApplicationContext.log Manager: restart: Reloading web application '/PB138_SCXML2VoiceXMLWJ'
05-Jun-2015 15:58:41.653 INFO [http-apr-8080-exec-1] org.apache.catalina.core.ApplicationContext.log Manager: list: Listing contexts for virtual host 'localhost'
05-Jun-2015 15:59:05.317 INFO [http-apr-8080-exec-1] org.apache.catalina.core.ApplicationContext.log Manager: init: Associated with Deployer 'Catalina:type=Deployer,host=localhost'
05-Jun-2015 15:59:05.317 INFO [http-apr-8080-exec-1] org.apache.catalina.core.ApplicationContext.log Manager: init: Global resources are available
05-Jun-2015 15:59:05.317 INFO [http-apr-8080-exec-1] org.apache.catalina.core.ApplicationContext.log Manager: list: Listing contexts for virtual host 'localhost'
05-Jun-2015 15:59:05.327 INFO [http-apr-8080-exec-2] org.apache.catalina.core.ApplicationContext.log Manager: list: Listing contexts for virtual host 'localhost'
05-Jun-2015 16:13:47.450 INFO [http-apr-8080-exec-8] org.apache.catalina.core.ApplicationContext.log Manager: list: Listing contexts for virtual host 'localhost'
05-Jun-2015 16:13:47.510 INFO [http-apr-8080-exec-9] org.apache.catalina.core.ApplicationContext.log Manager: list: Listing contexts for virtual host 'localhost'
05-Jun-2015 16:13:47.550 INFO [http-apr-8080-exec-10] org.apache.catalina.core.ApplicationContext.log Manager: install: Installing context configuration at 'file:/C:/Users/Dusan/AppData/Local/Temp/context5035185543325824123.xml'
05-Jun-2015 16:13:48.165 INFO [http-apr-8080-exec-1] org.apache.catalina.core.ApplicationContext.log Manager: start: Starting web application '/pb138-WebApp_23'
05-Jun-2015 16:15:18.320 INFO [http-apr-8080-exec-2] org.apache.catalina.core.ApplicationContext.log Manager: list: Listing contexts for virtual host 'localhost'
05-Jun-2015 16:15:18.325 INFO [http-apr-8080-exec-4] org.apache.catalina.core.ApplicationContext.log Manager: list: Listing contexts for virtual host 'localhost'
05-Jun-2015 16:16:12.277 INFO [http-apr-8080-exec-6] org.apache.catalina.core.ApplicationContext.log Manager: list: Listing contexts for virtual host 'localhost'
05-Jun-2015 16:16:17.208 INFO [http-apr-8080-exec-9] org.apache.catalina.core.ApplicationContext.log Manager: list: Listing contexts for virtual host 'localhost'
05-Jun-2015 16:16:17.208 INFO [http-apr-8080-exec-2] org.apache.catalina.core.ApplicationContext.log Manager: list: Listing contexts for virtual host 'localhost'
05-Jun-2015 16:17:43.456 INFO [http-apr-8080-exec-7] org.apache.catalina.core.ApplicationContext.log Manager: list: Listing contexts for virtual host 'localhost'
05-Jun-2015 16:17:46.524 INFO [http-apr-8080-exec-2] org.apache.catalina.core.ApplicationContext.log Manager: list: Listing contexts for virtual host 'localhost'
05-Jun-2015 16:17:46.529 INFO [http-apr-8080-exec-1] org.apache.catalina.core.ApplicationContext.log Manager: list: Listing contexts for virtual host 'localhost'
05-Jun-2015 16:18:28.474 INFO [http-apr-8080-exec-4] org.apache.catalina.core.ApplicationContext.log Manager: list: Listing contexts for virtual host 'localhost'
05-Jun-2015 16:18:37.011 INFO [http-apr-8080-exec-4] org.apache.catalina.core.ApplicationContext.log Manager: list: Listing contexts for virtual host 'localhost'
05-Jun-2015 16:18:48.266 INFO [http-apr-8080-exec-8] org.apache.catalina.core.ApplicationContext.log Manager: list: Listing contexts for virtual host 'localhost'
05-Jun-2015 16:18:48.270 INFO [http-apr-8080-exec-6] org.apache.catalina.core.ApplicationContext.log Manager: list: Listing contexts for virtual host 'localhost'
05-Jun-2015 16:31:02.877 INFO [http-apr-8080-exec-4] org.apache.catalina.core.ApplicationContext.log Manager: list: Listing contexts for virtual host 'localhost'
05-Jun-2015 16:31:02.887 INFO [http-apr-8080-exec-9] org.apache.catalina.core.ApplicationContext.log Manager: restart: Reloading web application '/pb138-WebApp_23'
05-Jun-2015 16:31:38.343 INFO [http-apr-8080-exec-11] org.apache.catalina.core.ApplicationContext.log Manager: list: Listing contexts for virtual host 'localhost'
05-Jun-2015 16:31:38.353 INFO [http-apr-8080-exec-6] org.apache.catalina.core.ApplicationContext.log Manager: restart: Reloading web application '/pb138-WebApp_23'
05-Jun-2015 16:31:50.105 INFO [http-apr-8080-exec-2] org.apache.catalina.core.ApplicationContext.log Manager: list: Listing contexts for virtual host 'localhost'
05-Jun-2015 16:31:50.115 INFO [http-apr-8080-exec-13] org.apache.catalina.core.ApplicationContext.log Manager: list: Listing contexts for virtual host 'localhost'
05-Jun-2015 16:31:50.155 INFO [http-apr-8080-exec-1] org.apache.catalina.core.ApplicationContext.log Manager: restart: Reloading web application '/pb138-WebApp_23'
05-Jun-2015 16:33:34.106 INFO [http-apr-8080-exec-13] org.apache.catalina.core.ApplicationContext.log Manager: list: Listing contexts for virtual host 'localhost'
05-Jun-2015 16:33:34.116 INFO [http-apr-8080-exec-7] org.apache.catalina.core.ApplicationContext.log Manager: restart: Reloading web application '/pb138-WebApp_23'
05-Jun-2015 16:33:46.740 INFO [http-apr-8080-exec-15] org.apache.catalina.core.ApplicationContext.log Manager: list: Listing contexts for virtual host 'localhost'
05-Jun-2015 16:33:46.740 INFO [http-apr-8080-exec-20] org.apache.catalina.core.ApplicationContext.log Manager: list: Listing contexts for virtual host 'localhost'
05-Jun-2015 16:33:46.780 INFO [http-apr-8080-exec-16] org.apache.catalina.core.ApplicationContext.log Manager: restart: Reloading web application '/pb138-WebApp_23'
05-Jun-2015 16:35:08.151 INFO [http-apr-8080-exec-12] org.apache.catalina.core.ApplicationContext.log Manager: list: Listing contexts for virtual host 'localhost'
05-Jun-2015 16:35:08.161 INFO [http-apr-8080-exec-8] org.apache.catalina.core.ApplicationContext.log Manager: restart: Reloading web application '/pb138-WebApp_23'
05-Jun-2015 16:37:22.365 INFO [http-apr-8080-exec-23] org.apache.catalina.core.ApplicationContext.log Manager: list: Listing contexts for virtual host 'localhost'
05-Jun-2015 16:37:22.375 INFO [http-apr-8080-exec-26] org.apache.catalina.core.ApplicationContext.log Manager: list: Listing contexts for virtual host 'localhost'
05-Jun-2015 16:37:22.405 INFO [http-apr-8080-exec-28] org.apache.catalina.core.ApplicationContext.log Manager: restart: Reloading web application '/pb138-WebApp_23'
05-Jun-2015 16:39:32.797 INFO [http-apr-8080-exec-34] org.apache.catalina.core.ApplicationContext.log Manager: list: Listing contexts for virtual host 'localhost'
05-Jun-2015 16:39:32.807 INFO [http-apr-8080-exec-8] org.apache.catalina.core.ApplicationContext.log Manager: restart: Reloading web application '/pb138-WebApp_23'
05-Jun-2015 16:39:37.088 INFO [http-apr-8080-exec-35] org.apache.catalina.core.ApplicationContext.log Manager: list: Listing contexts for virtual host 'localhost'
05-Jun-2015 16:39:37.098 INFO [http-apr-8080-exec-30] org.apache.catalina.core.ApplicationContext.log Manager: list: Listing contexts for virtual host 'localhost'
05-Jun-2015 16:39:37.128 INFO [http-apr-8080-exec-36] org.apache.catalina.core.ApplicationContext.log Manager: restart: Reloading web application '/pb138-WebApp_23'
05-Jun-2015 16:43:06.728 INFO [http-apr-8080-exec-21] org.apache.catalina.core.ApplicationContext.log Manager: list: Listing contexts for virtual host 'localhost'
05-Jun-2015 16:43:06.739 INFO [http-apr-8080-exec-31] org.apache.catalina.core.ApplicationContext.log Manager: restart: Reloading web application '/pb138-WebApp_23'
05-Jun-2015 16:43:16.259 INFO [http-apr-8080-exec-45] org.apache.catalina.core.ApplicationContext.log Manager: list: Listing contexts for virtual host 'localhost'
05-Jun-2015 16:43:16.259 INFO [http-apr-8080-exec-37] org.apache.catalina.core.ApplicationContext.log Manager: list: Listing contexts for virtual host 'localhost'
05-Jun-2015 16:43:16.299 INFO [http-apr-8080-exec-21] org.apache.catalina.core.ApplicationContext.log Manager: restart: Reloading web application '/pb138-WebApp_23'
05-Jun-2015 16:46:20.782 INFO [http-apr-8080-exec-52] org.apache.catalina.core.ApplicationContext.log Manager: list: Listing contexts for virtual host 'localhost'
05-Jun-2015 16:46:20.792 INFO [http-apr-8080-exec-40] org.apache.catalina.core.ApplicationContext.log Manager: restart: Reloading web application '/pb138-WebApp_23'
05-Jun-2015 16:46:24.732 INFO [http-apr-8080-exec-52] org.apache.catalina.core.ApplicationContext.log Manager: list: Listing contexts for virtual host 'localhost'
05-Jun-2015 16:46:24.742 INFO [http-apr-8080-exec-54] org.apache.catalina.core.ApplicationContext.log Manager: list: Listing contexts for virtual host 'localhost'
05-Jun-2015 16:46:24.772 INFO [http-apr-8080-exec-49] org.apache.catalina.core.ApplicationContext.log Manager: restart: Reloading web application '/pb138-WebApp_23'
05-Jun-2015 16:47:46.849 INFO [http-apr-8080-exec-40] org.apache.catalina.core.ApplicationContext.log Manager: list: Listing contexts for virtual host 'localhost'
05-Jun-2015 16:47:46.859 INFO [http-apr-8080-exec-52] org.apache.catalina.core.ApplicationContext.log Manager: restart: Reloading web application '/pb138-WebApp_23'
05-Jun-2015 16:47:50.119 INFO [http-apr-8080-exec-51] org.apache.catalina.core.ApplicationContext.log Manager: list: Listing contexts for virtual host 'localhost'
05-Jun-2015 16:47:50.119 INFO [http-apr-8080-exec-59] org.apache.catalina.core.ApplicationContext.log Manager: list: Listing contexts for virtual host 'localhost'
05-Jun-2015 16:47:50.159 INFO [http-apr-8080-exec-40] org.apache.catalina.core.ApplicationContext.log Manager: restart: Reloading web application '/pb138-WebApp_23'
05-Jun-2015 16:49:21.896 INFO [http-apr-8080-exec-67] org.apache.catalina.core.ApplicationContext.log Manager: list: Listing contexts for virtual host 'localhost'
05-Jun-2015 16:49:21.906 INFO [http-apr-8080-exec-68] org.apache.catalina.core.ApplicationContext.log Manager: restart: Reloading web application '/pb138-WebApp_23'
05-Jun-2015 16:49:24.578 INFO [http-apr-8080-exec-66] org.apache.catalina.core.ApplicationContext.log Manager: list: Listing contexts for virtual host 'localhost'
05-Jun-2015 16:49:24.578 INFO [http-apr-8080-exec-70] org.apache.catalina.core.ApplicationContext.log Manager: list: Listing contexts for virtual host 'localhost'
05-Jun-2015 16:49:24.618 INFO [http-apr-8080-exec-64] org.apache.catalina.core.ApplicationContext.log Manager: restart: Reloading web application '/pb138-WebApp_23'
05-Jun-2015 16:49:48.029 INFO [http-apr-8080-exec-64] org.apache.catalina.core.ApplicationContext.log Manager: list: Listing contexts for virtual host 'localhost'
05-Jun-2015 16:49:48.039 INFO [http-apr-8080-exec-72] org.apache.catalina.core.ApplicationContext.log Manager: restart: Reloading web application '/pb138-WebApp_23'
05-Jun-2015 16:49:49.790 INFO [http-apr-8080-exec-65] org.apache.catalina.core.ApplicationContext.log Manager: list: Listing contexts for virtual host 'localhost'
05-Jun-2015 16:49:49.800 INFO [http-apr-8080-exec-74] org.apache.catalina.core.ApplicationContext.log Manager: list: Listing contexts for virtual host 'localhost'
05-Jun-2015 16:49:49.830 INFO [http-apr-8080-exec-62] org.apache.catalina.core.ApplicationContext.log Manager: restart: Reloading web application '/pb138-WebApp_23'
05-Jun-2015 16:50:12.692 INFO [http-apr-8080-exec-64] org.apache.catalina.core.ApplicationContext.log Manager: list: Listing contexts for virtual host 'localhost'
05-Jun-2015 16:50:12.702 INFO [http-apr-8080-exec-62] org.apache.catalina.core.ApplicationContext.log Manager: restart: Reloading web application '/pb138-WebApp_23'
05-Jun-2015 16:50:13.232 INFO [http-apr-8080-exec-71] org.apache.catalina.core.ApplicationContext.log Manager: list: Listing contexts for virtual host 'localhost'
05-Jun-2015 16:50:13.242 INFO [http-apr-8080-exec-64] org.apache.catalina.core.ApplicationContext.log Manager: restart: Reloading web application '/pb138-WebApp_23'
05-Jun-2015 16:53:32.552 INFO [http-apr-8080-exec-76] org.apache.catalina.core.ApplicationContext.log Manager: list: Listing contexts for virtual host 'localhost'
05-Jun-2015 16:53:32.562 INFO [http-apr-8080-exec-62] org.apache.catalina.core.ApplicationContext.log Manager: restart: Reloading web application '/pb138-WebApp_23'
05-Jun-2015 16:54:08.356 INFO [http-apr-8080-exec-78] org.apache.catalina.core.ApplicationContext.log Manager: list: Listing contexts for virtual host 'localhost'
05-Jun-2015 16:54:08.366 INFO [http-apr-8080-exec-76] org.apache.catalina.core.ApplicationContext.log Manager: restart: Reloading web application '/pb138-WebApp_23'
05-Jun-2015 16:54:11.536 INFO [http-apr-8080-exec-79] org.apache.catalina.core.ApplicationContext.log Manager: list: Listing contexts for virtual host 'localhost'
05-Jun-2015 16:54:11.536 INFO [http-apr-8080-exec-83] org.apache.catalina.core.ApplicationContext.log Manager: list: Listing contexts for virtual host 'localhost'
05-Jun-2015 16:54:11.576 INFO [http-apr-8080-exec-64] org.apache.catalina.core.ApplicationContext.log Manager: restart: Reloading web application '/pb138-WebApp_23'
05-Jun-2015 16:58:14.711 INFO [http-apr-8080-exec-75] org.apache.catalina.core.ApplicationContext.log Manager: list: Listing contexts for virtual host 'localhost'
05-Jun-2015 16:58:14.721 INFO [http-apr-8080-exec-90] org.apache.catalina.core.ApplicationContext.log Manager: restart: Reloading web application '/pb138-WebApp_23'
05-Jun-2015 16:58:17.894 INFO [http-apr-8080-exec-87] org.apache.catalina.core.ApplicationContext.log Manager: list: Listing contexts for virtual host 'localhost'
05-Jun-2015 16:58:17.904 INFO [http-apr-8080-exec-92] org.apache.catalina.core.ApplicationContext.log Manager: list: Listing contexts for virtual host 'localhost'
05-Jun-2015 16:58:17.934 INFO [http-apr-8080-exec-86] org.apache.catalina.core.ApplicationContext.log Manager: restart: Reloading web application '/pb138-WebApp_23'
05-Jun-2015 16:59:32.479 INFO [http-apr-8080-exec-84] org.apache.catalina.core.ApplicationContext.log Manager: list: Listing contexts for virtual host 'localhost'
05-Jun-2015 16:59:32.489 INFO [http-apr-8080-exec-92] org.apache.catalina.core.ApplicationContext.log Manager: restart: Reloading web application '/pb138-WebApp_23'
05-Jun-2015 16:59:37.529 INFO [http-apr-8080-exec-86] org.apache.catalina.core.ApplicationContext.log Manager: list: Listing contexts for virtual host 'localhost'
05-Jun-2015 16:59:37.529 INFO [http-apr-8080-exec-98] org.apache.catalina.core.ApplicationContext.log Manager: list: Listing contexts for virtual host 'localhost'
05-Jun-2015 16:59:37.569 INFO [http-apr-8080-exec-94] org.apache.catalina.core.ApplicationContext.log Manager: restart: Reloading web application '/pb138-WebApp_23'
05-Jun-2015 17:01:50.416 INFO [http-apr-8080-exec-104] org.apache.catalina.core.ApplicationContext.log Manager: list: Listing contexts for virtual host 'localhost'
05-Jun-2015 17:01:50.426 INFO [http-apr-8080-exec-105] org.apache.catalina.core.ApplicationContext.log Manager: restart: Reloading web application '/pb138-WebApp_23'
05-Jun-2015 17:43:39.032 INFO [http-apr-8080-exec-114] org.apache.catalina.core.ApplicationContext.log Manager: list: Listing contexts for virtual host 'localhost'
05-Jun-2015 17:43:39.042 INFO [http-apr-8080-exec-115] org.apache.catalina.core.ApplicationContext.log Manager: restart: Reloading web application '/pb138-WebApp_23'
05-Jun-2015 17:54:54.062 INFO [http-apr-8080-exec-123] org.apache.catalina.core.ApplicationContext.log Manager: list: Listing contexts for virtual host 'localhost'
05-Jun-2015 17:54:54.072 INFO [http-apr-8080-exec-124] org.apache.catalina.core.ApplicationContext.log Manager: restart: Reloading web application '/pb138-WebApp_23'
05-Jun-2015 18:05:27.066 INFO [http-apr-8080-exec-132] org.apache.catalina.core.ApplicationContext.log Manager: list: Listing contexts for virtual host 'localhost'
05-Jun-2015 18:05:27.076 INFO [http-apr-8080-exec-133] org.apache.catalina.core.ApplicationContext.log Manager: restart: Reloading web application '/pb138-WebApp_23'
05-Jun-2015 18:05:36.608 INFO [http-apr-8080-exec-135] org.apache.catalina.core.ApplicationContext.log Manager: list: Listing contexts for virtual host 'localhost'
05-Jun-2015 18:05:36.608 INFO [http-apr-8080-exec-131] org.apache.catalina.core.ApplicationContext.log Manager: list: Listing contexts for virtual host 'localhost'
05-Jun-2015 18:05:36.648 INFO [http-apr-8080-exec-126] org.apache.catalina.core.ApplicationContext.log Manager: restart: Reloading web application '/pb138-WebApp_23'
05-Jun-2015 18:09:23.653 INFO [http-apr-8080-exec-2] org.apache.catalina.core.ApplicationContext.log Manager: init: Associated with Deployer 'Catalina:type=Deployer,host=localhost'
05-Jun-2015 18:09:23.653 INFO [http-apr-8080-exec-2] org.apache.catalina.core.ApplicationContext.log Manager: init: Global resources are available
05-Jun-2015 18:09:23.663 INFO [http-apr-8080-exec-2] org.apache.catalina.core.ApplicationContext.log Manager: list: Listing contexts for virtual host 'localhost'
05-Jun-2015 18:09:23.663 INFO [http-apr-8080-exec-1] org.apache.catalina.core.ApplicationContext.log Manager: list: Listing contexts for virtual host 'localhost'
05-Jun-2015 18:09:23.703 INFO [http-apr-8080-exec-4] org.apache.catalina.core.ApplicationContext.log Manager: restart: Reloading web application '/pb138-WebApp_23'
05-Jun-2015 18:12:51.464 INFO [http-apr-8080-exec-5] org.apache.catalina.core.ApplicationContext.log Manager: list: Listing contexts for virtual host 'localhost'
05-Jun-2015 18:12:51.474 INFO [http-apr-8080-exec-17] org.apache.catalina.core.ApplicationContext.log Manager: restart: Reloading web application '/pb138-WebApp_23'
05-Jun-2015 18:12:55.857 INFO [http-apr-8080-exec-19] org.apache.catalina.core.ApplicationContext.log Manager: list: Listing contexts for virtual host 'localhost'
05-Jun-2015 18:12:55.857 INFO [http-apr-8080-exec-18] org.apache.catalina.core.ApplicationContext.log Manager: list: Listing contexts for virtual host 'localhost'
05-Jun-2015 18:12:55.897 INFO [http-apr-8080-exec-20] org.apache.catalina.core.ApplicationContext.log Manager: restart: Reloading web application '/pb138-WebApp_23'
05-Jun-2015 18:17:33.939 INFO [http-apr-8080-exec-28] org.apache.catalina.core.ApplicationContext.log Manager: list: Listing contexts for virtual host 'localhost'
05-Jun-2015 18:17:33.949 INFO [http-apr-8080-exec-16] org.apache.catalina.core.ApplicationContext.log Manager: restart: Reloading web application '/pb138-WebApp_23'
05-Jun-2015 18:17:39.175 INFO [http-apr-8080-exec-26] org.apache.catalina.core.ApplicationContext.log Manager: list: Listing contexts for virtual host 'localhost'
05-Jun-2015 18:17:39.185 INFO [http-apr-8080-exec-27] org.apache.catalina.core.ApplicationContext.log Manager: list: Listing contexts for virtual host 'localhost'
05-Jun-2015 18:17:39.215 INFO [http-apr-8080-exec-31] org.apache.catalina.core.ApplicationContext.log Manager: restart: Reloading web application '/pb138-WebApp_23'
05-Jun-2015 19:15:27.529 INFO [http-apr-8080-exec-39] org.apache.catalina.core.ApplicationContext.log Manager: list: Listing contexts for virtual host 'localhost'
05-Jun-2015 19:15:27.539 INFO [http-apr-8080-exec-40] org.apache.catalina.core.ApplicationContext.log Manager: restart: Reloading web application '/pb138-WebApp_23'
05-Jun-2015 19:16:12.100 INFO [http-apr-8080-exec-42] org.apache.catalina.core.ApplicationContext.log Manager: list: Listing contexts for virtual host 'localhost'
05-Jun-2015 19:16:12.110 INFO [http-apr-8080-exec-39] org.apache.catalina.core.ApplicationContext.log Manager: restart: Reloading web application '/pb138-WebApp_23'
05-Jun-2015 19:16:16.560 INFO [http-apr-8080-exec-41] org.apache.catalina.core.ApplicationContext.log Manager: list: Listing contexts for virtual host 'localhost'
05-Jun-2015 19:16:16.570 INFO [http-apr-8080-exec-39] org.apache.catalina.core.ApplicationContext.log Manager: restart: Reloading web application '/pb138-WebApp_23'
05-Jun-2015 19:16:56.012 INFO [http-apr-8080-exec-39] org.apache.catalina.core.ApplicationContext.log Manager: list: Listing contexts for virtual host 'localhost'
05-Jun-2015 19:16:56.022 INFO [http-apr-8080-exec-38] org.apache.catalina.core.ApplicationContext.log Manager: restart: Reloading web application '/pb138-WebApp_23'
05-Jun-2015 19:17:04.799 INFO [http-apr-8080-exec-33] org.apache.catalina.core.ApplicationContext.log Manager: list: Listing contexts for virtual host 'localhost'
05-Jun-2015 19:17:04.804 INFO [http-apr-8080-exec-46] org.apache.catalina.core.ApplicationContext.log Manager: list: Listing contexts for virtual host 'localhost'
05-Jun-2015 19:17:04.839 INFO [http-apr-8080-exec-35] org.apache.catalina.core.ApplicationContext.log Manager: restart: Reloading web application '/pb138-WebApp_23'
05-Jun-2015 19:19:29.701 INFO [http-apr-8080-exec-51] org.apache.catalina.core.ApplicationContext.log Manager: list: Listing contexts for virtual host 'localhost'
05-Jun-2015 19:19:29.711 INFO [http-apr-8080-exec-46] org.apache.catalina.core.ApplicationContext.log Manager: restart: Reloading web application '/PB138_SCXML2VoiceXMLWJ'
05-Jun-2015 19:20:32.391 INFO [http-apr-8080-exec-54] org.apache.catalina.core.ApplicationContext.log Manager: list: Listing contexts for virtual host 'localhost'
05-Jun-2015 19:20:32.403 INFO [http-apr-8080-exec-48] org.apache.catalina.core.ApplicationContext.log Manager: restart: Reloading web application '/PB138_SCXML2VoiceXMLWJ'
05-Jun-2015 19:32:20.509 INFO [http-apr-8080-exec-2] org.apache.catalina.core.ApplicationContext.log Manager: init: Associated with Deployer 'Catalina:type=Deployer,host=localhost'
05-Jun-2015 19:32:20.509 INFO [http-apr-8080-exec-2] org.apache.catalina.core.ApplicationContext.log Manager: init: Global resources are available
05-Jun-2015 19:32:20.509 INFO [http-apr-8080-exec-2] org.apache.catalina.core.ApplicationContext.log Manager: list: Listing contexts for virtual host 'localhost'
05-Jun-2015 19:32:20.519 INFO [http-apr-8080-exec-1] org.apache.catalina.core.ApplicationContext.log Manager: list: Listing contexts for virtual host 'localhost'
05-Jun-2015 19:32:20.599 INFO [http-apr-8080-exec-4] org.apache.catalina.core.ApplicationContext.log Manager: undeploy: Undeploying web application at '/PB138_SCXML2VoiceXMLWJ'
05-Jun-2015 19:32:21.189 INFO [http-apr-8080-exec-9] org.apache.catalina.core.ApplicationContext.log Manager: install: Installing context configuration at 'file:/C:/Users/Dusan/AppData/Local/Temp/context5160584238321098083.xml'
05-Jun-2015 19:34:42.939 INFO [http-apr-8080-exec-17] org.apache.catalina.core.ApplicationContext.log Manager: list: Listing contexts for virtual host 'localhost'
05-Jun-2015 19:34:55.745 INFO [http-apr-8080-exec-2] org.apache.catalina.core.ApplicationContext.log Manager: list: Listing contexts for virtual host 'localhost'
05-Jun-2015 19:34:55.755 INFO [http-apr-8080-exec-13] org.apache.catalina.core.ApplicationContext.log Manager: list: Listing contexts for virtual host 'localhost'
05-Jun-2015 19:36:30.666 INFO [http-apr-8080-exec-16] org.apache.catalina.core.ApplicationContext.log Manager: list: Listing contexts for virtual host 'localhost'
05-Jun-2015 19:37:00.283 INFO [http-apr-8080-exec-20] org.apache.catalina.core.ApplicationContext.log Manager: list: Listing contexts for virtual host 'localhost'
05-Jun-2015 19:37:00.283 INFO [http-apr-8080-exec-13] org.apache.catalina.core.ApplicationContext.log Manager: list: Listing contexts for virtual host 'localhost'
05-Jun-2015 19:56:01.317 INFO [http-apr-8080-exec-2] org.apache.catalina.core.ApplicationContext.log Manager: init: Associated with Deployer 'Catalina:type=Deployer,host=localhost'
05-Jun-2015 19:56:01.317 INFO [http-apr-8080-exec-2] org.apache.catalina.core.ApplicationContext.log Manager: init: Global resources are available
05-Jun-2015 19:56:01.318 INFO [http-apr-8080-exec-2] org.apache.catalina.core.ApplicationContext.log Manager: list: Listing contexts for virtual host 'localhost'
05-Jun-2015 19:56:01.326 INFO [http-apr-8080-exec-1] org.apache.catalina.core.ApplicationContext.log Manager: list: Listing contexts for virtual host 'localhost'
05-Jun-2015 19:56:01.479 INFO [http-apr-8080-exec-4] org.apache.catalina.core.ApplicationContext.log Manager: restart: Reloading web application '/PB138_SCXML2VoiceXMLWJ'
05-Jun-2015 19:57:17.756 INFO [http-apr-8080-exec-9] org.apache.catalina.core.ApplicationContext.log Manager: list: Listing contexts for virtual host 'localhost'
05-Jun-2015 19:57:17.767 INFO [http-apr-8080-exec-13] org.apache.catalina.core.ApplicationContext.log Manager: restart: Reloading web application '/PB138_SCXML2VoiceXMLWJ'
05-Jun-2015 19:57:20.457 INFO [http-apr-8080-exec-9] org.apache.catalina.core.ApplicationContext.log Manager: list: Listing contexts for virtual host 'localhost'
05-Jun-2015 19:57:20.462 INFO [http-apr-8080-exec-7] org.apache.catalina.core.ApplicationContext.log Manager: list: Listing contexts for virtual host 'localhost'
05-Jun-2015 19:57:20.542 INFO [http-apr-8080-exec-11] org.apache.catalina.core.ApplicationContext.log Manager: restart: Reloading web application '/PB138_SCXML2VoiceXMLWJ'
05-Jun-2015 19:59:47.880 INFO [http-apr-8080-exec-2] org.apache.catalina.core.ApplicationContext.log Manager: list: Listing contexts for virtual host 'localhost'
05-Jun-2015 19:59:47.882 INFO [http-apr-8080-exec-23] org.apache.catalina.core.ApplicationContext.log Manager: restart: Reloading web application '/PB138_SCXML2VoiceXMLWJ'
05-Jun-2015 20:03:11.241 INFO [http-apr-8080-exec-21] org.apache.catalina.core.ApplicationContext.log Manager: list: Listing contexts for virtual host 'localhost'
05-Jun-2015 20:03:11.249 INFO [http-apr-8080-exec-2] org.apache.catalina.core.ApplicationContext.log Manager: restart: Reloading web application '/PB138_SCXML2VoiceXMLWJ'
05-Jun-2015 20:07:41.867 INFO [http-apr-8080-exec-20] org.apache.catalina.core.ApplicationContext.log Manager: list: Listing contexts for virtual host 'localhost'
05-Jun-2015 20:07:41.877 INFO [http-apr-8080-exec-29] org.apache.catalina.core.ApplicationContext.log Manager: restart: Reloading web application '/PB138_SCXML2VoiceXMLWJ'
05-Jun-2015 20:07:45.992 INFO [http-apr-8080-exec-39] org.apache.catalina.core.ApplicationContext.log Manager: list: Listing contexts for virtual host 'localhost'
05-Jun-2015 20:07:46.002 INFO [http-apr-8080-exec-34] org.apache.catalina.core.ApplicationContext.log Manager: list: Listing contexts for virtual host 'localhost'
05-Jun-2015 20:07:46.072 INFO [http-apr-8080-exec-42] org.apache.catalina.core.ApplicationContext.log Manager: restart: Reloading web application '/PB138_SCXML2VoiceXMLWJ'
05-Jun-2015 20:09:36.789 INFO [http-apr-8080-exec-34] org.apache.catalina.core.ApplicationContext.log Manager: list: Listing contexts for virtual host 'localhost'
05-Jun-2015 20:09:36.799 INFO [http-apr-8080-exec-47] org.apache.catalina.core.ApplicationContext.log Manager: restart: Reloading web application '/PB138_SCXML2VoiceXMLWJ'
05-Jun-2015 20:09:39.982 INFO [http-apr-8080-exec-45] org.apache.catalina.core.ApplicationContext.log Manager: list: Listing contexts for virtual host 'localhost'
05-Jun-2015 20:09:39.982 INFO [http-apr-8080-exec-40] org.apache.catalina.core.ApplicationContext.log Manager: list: Listing contexts for virtual host 'localhost'
05-Jun-2015 20:09:40.060 INFO [http-apr-8080-exec-43] org.apache.catalina.core.ApplicationContext.log Manager: restart: Reloading web application '/PB138_SCXML2VoiceXMLWJ'
05-Jun-2015 20:26:39.223 INFO [http-apr-8080-exec-58] org.apache.catalina.core.ApplicationContext.log Manager: list: Listing contexts for virtual host 'localhost'
05-Jun-2015 20:26:39.243 INFO [http-apr-8080-exec-59] org.apache.catalina.core.ApplicationContext.log Manager: restart: Reloading web application '/PB138_SCXML2VoiceXMLWJ'
05-Jun-2015 20:26:42.313 INFO [http-apr-8080-exec-55] org.apache.catalina.core.ApplicationContext.log Manager: list: Listing contexts for virtual host 'localhost'
05-Jun-2015 20:26:42.313 INFO [http-apr-8080-exec-58] org.apache.catalina.core.ApplicationContext.log Manager: list: Listing contexts for virtual host 'localhost'
05-Jun-2015 20:26:42.383 INFO [http-apr-8080-exec-51] org.apache.catalina.core.ApplicationContext.log Manager: restart: Reloading web application '/PB138_SCXML2VoiceXMLWJ'
05-Jun-2015 20:28:04.127 INFO [http-apr-8080-exec-57] org.apache.catalina.core.ApplicationContext.log Manager: list: Listing contexts for virtual host 'localhost'
05-Jun-2015 20:28:04.138 INFO [http-apr-8080-exec-52] org.apache.catalina.core.ApplicationContext.log Manager: restart: Reloading web application '/PB138_SCXML2VoiceXMLWJ'
05-Jun-2015 20:28:14.381 INFO [http-apr-8080-exec-68] org.apache.catalina.core.ApplicationContext.log Manager: list: Listing contexts for virtual host 'localhost'
05-Jun-2015 20:28:14.386 INFO [http-apr-8080-exec-63] org.apache.catalina.core.ApplicationContext.log Manager: list: Listing contexts for virtual host 'localhost'
05-Jun-2015 20:28:14.447 INFO [http-apr-8080-exec-70] org.apache.catalina.core.ApplicationContext.log Manager: restart: Reloading web application '/PB138_SCXML2VoiceXMLWJ'
05-Jun-2015 20:32:22.990 INFO [http-apr-8080-exec-1] org.apache.catalina.core.ApplicationContext.log Manager: init: Associated with Deployer 'Catalina:type=Deployer,host=localhost'
05-Jun-2015 20:32:22.990 INFO [http-apr-8080-exec-1] org.apache.catalina.core.ApplicationContext.log Manager: init: Global resources are available
05-Jun-2015 20:32:22.990 INFO [http-apr-8080-exec-1] org.apache.catalina.core.ApplicationContext.log Manager: list: Listing contexts for virtual host 'localhost'
05-Jun-2015 20:32:23.000 INFO [http-apr-8080-exec-2] org.apache.catalina.core.ApplicationContext.log Manager: list: Listing contexts for virtual host 'localhost'
05-Jun-2015 20:32:23.070 INFO [http-apr-8080-exec-4] org.apache.catalina.core.ApplicationContext.log Manager: restart: Reloading web application '/PB138_SCXML2VoiceXMLWJ'
05-Jun-2015 20:33:17.643 INFO [http-apr-8080-exec-1] org.apache.catalina.core.ApplicationContext.log Manager: list: Listing contexts for virtual host 'localhost'
05-Jun-2015 20:33:17.653 INFO [http-apr-8080-exec-10] org.apache.catalina.core.ApplicationContext.log Manager: restart: Reloading web application '/PB138_SCXML2VoiceXMLWJ'
05-Jun-2015 20:33:29.801 INFO [http-apr-8080-exec-11] org.apache.catalina.core.ApplicationContext.log Manager: list: Listing contexts for virtual host 'localhost'
05-Jun-2015 20:33:29.801 INFO [http-apr-8080-exec-16] org.apache.catalina.core.ApplicationContext.log Manager: list: Listing contexts for virtual host 'localhost'
05-Jun-2015 20:33:29.871 INFO [http-apr-8080-exec-8] org.apache.catalina.core.ApplicationContext.log Manager: restart: Reloading web application '/PB138_SCXML2VoiceXMLWJ'
05-Jun-2015 20:34:20.256 INFO [http-apr-8080-exec-17] org.apache.catalina.core.ApplicationContext.log Manager: list: Listing contexts for virtual host 'localhost'
05-Jun-2015 20:34:20.266 INFO [http-apr-8080-exec-19] org.apache.catalina.core.ApplicationContext.log Manager: restart: Reloading web application '/PB138_SCXML2VoiceXMLWJ'
05-Jun-2015 20:34:25.018 INFO [http-apr-8080-exec-17] org.apache.catalina.core.ApplicationContext.log Manager: list: Listing contexts for virtual host 'localhost'
05-Jun-2015 20:34:25.028 INFO [http-apr-8080-exec-20] org.apache.catalina.core.ApplicationContext.log Manager: list: Listing contexts for virtual host 'localhost'
05-Jun-2015 20:34:25.088 INFO [http-apr-8080-exec-23] org.apache.catalina.core.ApplicationContext.log Manager: restart: Reloading web application '/PB138_SCXML2VoiceXMLWJ'
05-Jun-2015 20:40:38.181 INFO [http-apr-8080-exec-31] org.apache.catalina.core.ApplicationContext.log Manager: list: Listing contexts for virtual host 'localhost'
05-Jun-2015 20:40:38.191 INFO [http-apr-8080-exec-32] org.apache.catalina.core.ApplicationContext.log Manager: restart: Reloading web application '/PB138_SCXML2VoiceXMLWJ'
05-Jun-2015 20:40:41.979 INFO [http-apr-8080-exec-30] org.apache.catalina.core.ApplicationContext.log Manager: list: Listing contexts for virtual host 'localhost'
05-Jun-2015 20:40:41.979 INFO [http-apr-8080-exec-26] org.apache.catalina.core.ApplicationContext.log Manager: list: Listing contexts for virtual host 'localhost'
05-Jun-2015 20:40:42.039 INFO [http-apr-8080-exec-35] org.apache.catalina.core.ApplicationContext.log Manager: restart: Reloading web application '/PB138_SCXML2VoiceXMLWJ'
05-Jun-2015 20:43:27.656 INFO [http-apr-8080-exec-31] org.apache.catalina.core.ApplicationContext.log Manager: list: Listing contexts for virtual host 'localhost'
05-Jun-2015 20:43:27.666 INFO [http-apr-8080-exec-33] org.apache.catalina.core.ApplicationContext.log Manager: restart: Reloading web application '/PB138_SCXML2VoiceXMLWJ'
05-Jun-2015 20:45:12.071 INFO [http-apr-8080-exec-44] org.apache.catalina.core.ApplicationContext.log Manager: list: Listing contexts for virtual host 'localhost'
05-Jun-2015 20:45:12.081 INFO [http-apr-8080-exec-31] org.apache.catalina.core.ApplicationContext.log Manager: restart: Reloading web application '/PB138_SCXML2VoiceXMLWJ'
05-Jun-2015 20:45:17.613 INFO [http-apr-8080-exec-38] org.apache.catalina.core.ApplicationContext.log Manager: list: Listing contexts for virtual host 'localhost'
05-Jun-2015 20:45:17.623 INFO [http-apr-8080-exec-46] org.apache.catalina.core.ApplicationContext.log Manager: list: Listing contexts for virtual host 'localhost'
05-Jun-2015 20:45:17.683 INFO [http-apr-8080-exec-48] org.apache.catalina.core.ApplicationContext.log Manager: restart: Reloading web application '/PB138_SCXML2VoiceXMLWJ'
05-Jun-2015 20:47:59.695 INFO [http-apr-8080-exec-37] org.apache.catalina.core.ApplicationContext.log Manager: list: Listing contexts for virtual host 'localhost'
05-Jun-2015 20:47:59.705 INFO [http-apr-8080-exec-55] org.apache.catalina.core.ApplicationContext.log Manager: restart: Reloading web application '/PB138_SCXML2VoiceXMLWJ'
05-Jun-2015 20:48:50.785 INFO [http-apr-8080-exec-58] org.apache.catalina.core.ApplicationContext.log Manager: list: Listing contexts for virtual host 'localhost'
05-Jun-2015 20:48:50.795 INFO [http-apr-8080-exec-50] org.apache.catalina.core.ApplicationContext.log Manager: restart: Reloading web application '/PB138_SCXML2VoiceXMLWJ'
05-Jun-2015 20:48:58.944 INFO [http-apr-8080-exec-37] org.apache.catalina.core.ApplicationContext.log Manager: list: Listing contexts for virtual host 'localhost'
05-Jun-2015 20:48:58.954 INFO [http-apr-8080-exec-61] org.apache.catalina.core.ApplicationContext.log Manager: list: Listing contexts for virtual host 'localhost'
05-Jun-2015 20:48:59.014 INFO [http-apr-8080-exec-52] org.apache.catalina.core.ApplicationContext.log Manager: restart: Reloading web application '/PB138_SCXML2VoiceXMLWJ'
05-Jun-2015 20:49:42.737 INFO [http-apr-8080-exec-2] org.apache.catalina.core.ApplicationContext.log Manager: init: Associated with Deployer 'Catalina:type=Deployer,host=localhost'
05-Jun-2015 20:49:42.737 INFO [http-apr-8080-exec-2] org.apache.catalina.core.ApplicationContext.log Manager: init: Global resources are available
05-Jun-2015 20:49:42.737 INFO [http-apr-8080-exec-2] org.apache.catalina.core.ApplicationContext.log Manager: list: Listing contexts for virtual host 'localhost'
05-Jun-2015 20:49:42.737 INFO [http-apr-8080-exec-1] org.apache.catalina.core.ApplicationContext.log Manager: list: Listing contexts for virtual host 'localhost'
05-Jun-2015 20:51:18.178 INFO [http-apr-8080-exec-2] org.apache.catalina.core.ApplicationContext.log Manager: list: Listing contexts for virtual host 'localhost'
05-Jun-2015 20:51:18.188 INFO [http-apr-8080-exec-1] org.apache.catalina.core.ApplicationContext.log Manager: restart: Reloading web application '/PB138_SCXML2VoiceXMLWJ'
05-Jun-2015 20:51:22.115 INFO [http-apr-8080-exec-9] org.apache.catalina.core.ApplicationContext.log Manager: list: Listing contexts for virtual host 'localhost'
05-Jun-2015 20:51:22.115 INFO [http-apr-8080-exec-6] org.apache.catalina.core.ApplicationContext.log Manager: list: Listing contexts for virtual host 'localhost'
05-Jun-2015 20:51:22.435 INFO [http-apr-8080-exec-7] org.apache.catalina.core.ApplicationContext.log Manager: restart: Reloading web application '/PB138_SCXML2VoiceXMLWJ'
05-Jun-2015 21:31:09.576 INFO [http-apr-8080-exec-19] org.apache.catalina.core.ApplicationContext.log Manager: list: Listing contexts for virtual host 'localhost'
05-Jun-2015 21:31:09.586 INFO [http-apr-8080-exec-20] org.apache.catalina.core.ApplicationContext.log Manager: restart: Reloading web application '/PB138_SCXML2VoiceXMLWJ'
05-Jun-2015 21:31:13.283 INFO [http-apr-8080-exec-16] org.apache.catalina.core.ApplicationContext.log Manager: list: Listing contexts for virtual host 'localhost'
05-Jun-2015 21:31:13.293 INFO [http-apr-8080-exec-22] org.apache.catalina.core.ApplicationContext.log Manager: list: Listing contexts for virtual host 'localhost'
05-Jun-2015 21:31:13.353 INFO [http-apr-8080-exec-17] org.apache.catalina.core.ApplicationContext.log Manager: restart: Reloading web application '/PB138_SCXML2VoiceXMLWJ'
05-Jun-2015 21:35:36.560 INFO [http-apr-8080-exec-29] org.apache.catalina.core.ApplicationContext.log Manager: list: Listing contexts for virtual host 'localhost'
05-Jun-2015 21:35:36.570 INFO [http-apr-8080-exec-13] org.apache.catalina.core.ApplicationContext.log Manager: restart: Reloading web application '/PB138_SCXML2VoiceXMLWJ'
05-Jun-2015 21:35:46.670 INFO [http-apr-8080-exec-23] org.apache.catalina.core.ApplicationContext.log Manager: list: Listing contexts for virtual host 'localhost'
05-Jun-2015 21:35:46.680 INFO [http-apr-8080-exec-24] org.apache.catalina.core.ApplicationContext.log Manager: restart: Reloading web application '/PB138_SCXML2VoiceXMLWJ'
05-Jun-2015 21:35:52.237 INFO [http-apr-8080-exec-26] org.apache.catalina.core.ApplicationContext.log Manager: list: Listing contexts for virtual host 'localhost'
05-Jun-2015 21:35:52.247 INFO [http-apr-8080-exec-34] org.apache.catalina.core.ApplicationContext.log Manager: list: Listing contexts for virtual host 'localhost'
05-Jun-2015 21:35:52.307 INFO [http-apr-8080-exec-29] org.apache.catalina.core.ApplicationContext.log Manager: restart: Reloading web application '/PB138_SCXML2VoiceXMLWJ'
05-Jun-2015 23:02:27.487 INFO [http-apr-8080-exec-42] org.apache.catalina.core.ApplicationContext.log Manager: list: Listing contexts for virtual host 'localhost'
05-Jun-2015 23:02:27.649 INFO [http-apr-8080-exec-43] org.apache.catalina.core.ApplicationContext.log Manager: restart: Reloading web application '/PB138_SCXML2VoiceXMLWJ'
