04-Jun-2015 15:48:26.281 INFO [http-apr-8080-exec-8] org.apache.catalina.core.ApplicationContext.log Manager: init: Associated with Deployer 'Catalina:type=Deployer,host=localhost'
04-Jun-2015 15:48:26.281 INFO [http-apr-8080-exec-8] org.apache.catalina.core.ApplicationContext.log Manager: init: Global resources are available
04-Jun-2015 15:48:26.281 INFO [http-apr-8080-exec-8] org.apache.catalina.core.ApplicationContext.log Manager: list: Listing contexts for virtual host 'localhost'
04-Jun-2015 15:48:26.281 INFO [http-apr-8080-exec-9] org.apache.catalina.core.ApplicationContext.log Manager: list: Listing contexts for virtual host 'localhost'
04-Jun-2015 15:48:26.405 INFO [http-apr-8080-exec-10] org.apache.catalina.core.ApplicationContext.log Manager: install: Installing context configuration at 'file:/C:/Users/Dusan/AppData/Local/Temp/context9068145549846385374.xml'
04-Jun-2015 16:19:43.895 INFO [http-apr-8080-exec-4] org.apache.catalina.core.ApplicationContext.log Manager: list: Listing contexts for virtual host 'localhost'
04-Jun-2015 16:19:43.895 INFO [http-apr-8080-exec-5] org.apache.catalina.core.ApplicationContext.log Manager: undeploy: Undeploying web application at '/PB138_SCXML2VoiceXMLWJ'
04-Jun-2015 16:19:44.536 INFO [http-apr-8080-exec-6] org.apache.catalina.core.ApplicationContext.log Manager: install: Installing context configuration at 'file:/C:/Users/Dusan/AppData/Local/Temp/context1648528957249407435.xml'
04-Jun-2015 16:21:23.226 INFO [http-apr-8080-exec-10] org.apache.catalina.core.ApplicationContext.log Manager: list: Listing contexts for virtual host 'localhost'
04-Jun-2015 16:21:23.226 INFO [http-apr-8080-exec-1] org.apache.catalina.core.ApplicationContext.log Manager: list: Listing contexts for virtual host 'localhost'
04-Jun-2015 16:21:28.975 INFO [http-apr-8080-exec-3] org.apache.catalina.core.ApplicationContext.log Manager: start: Starting web application '/PB138_SCXML2VoiceXMLWJ'
04-Jun-2015 16:21:30.461 SEVERE [http-apr-8080-exec-3] org.apache.catalina.core.ApplicationContext.log FAIL - Application at context path /PB138_SCXML2VoiceXMLWJ could not be started
 org.apache.catalina.LifecycleException: Failed to start component [StandardEngine[Catalina].StandardHost[localhost].StandardContext[/PB138_SCXML2VoiceXMLWJ]]
	at org.apache.catalina.util.LifecycleBase.start(LifecycleBase.java:154)
	at org.apache.catalina.manager.ManagerServlet.start(ManagerServlet.java:1293)
	at org.apache.catalina.manager.ManagerServlet.doGet(ManagerServlet.java:366)
	at javax.servlet.http.HttpServlet.service(HttpServlet.java:622)
	at javax.servlet.http.HttpServlet.service(HttpServlet.java:729)
	at org.apache.catalina.core.ApplicationFilterChain.internalDoFilter(ApplicationFilterChain.java:291)
	at org.apache.catalina.core.ApplicationFilterChain.doFilter(ApplicationFilterChain.java:206)
	at org.apache.tomcat.websocket.server.WsFilter.doFilter(WsFilter.java:52)
	at org.apache.catalina.core.ApplicationFilterChain.internalDoFilter(ApplicationFilterChain.java:239)
	at org.apache.catalina.core.ApplicationFilterChain.doFilter(ApplicationFilterChain.java:206)
	at org.apache.catalina.filters.SetCharacterEncodingFilter.doFilter(SetCharacterEncodingFilter.java:108)
	at org.apache.catalina.core.ApplicationFilterChain.internalDoFilter(ApplicationFilterChain.java:239)
	at org.apache.catalina.core.ApplicationFilterChain.doFilter(ApplicationFilterChain.java:206)
	at org.apache.catalina.core.StandardWrapperValve.invoke(StandardWrapperValve.java:219)
	at org.apache.catalina.core.StandardContextValve.invoke(StandardContextValve.java:106)
	at org.apache.catalina.authenticator.AuthenticatorBase.invoke(AuthenticatorBase.java:614)
	at org.apache.catalina.core.StandardHostValve.invoke(StandardHostValve.java:142)
	at org.apache.catalina.valves.ErrorReportValve.invoke(ErrorReportValve.java:79)
	at org.apache.catalina.valves.AbstractAccessLogValve.invoke(AbstractAccessLogValve.java:617)
	at org.apache.catalina.core.StandardEngineValve.invoke(StandardEngineValve.java:88)
	at org.apache.catalina.connector.CoyoteAdapter.service(CoyoteAdapter.java:518)
	at org.apache.coyote.http11.AbstractHttp11Processor.process(AbstractHttp11Processor.java:1091)
	at org.apache.coyote.AbstractProtocol$AbstractConnectionHandler.process(AbstractProtocol.java:668)
	at org.apache.tomcat.util.net.AprEndpoint$SocketProcessor.doRun(AprEndpoint.java:2463)
	at org.apache.tomcat.util.net.AprEndpoint$SocketProcessor.run(AprEndpoint.java:2452)
	at java.util.concurrent.ThreadPoolExecutor.runWorker(ThreadPoolExecutor.java:1145)
	at java.util.concurrent.ThreadPoolExecutor$Worker.run(ThreadPoolExecutor.java:615)
	at org.apache.tomcat.util.threads.TaskThread$WrappingRunnable.run(TaskThread.java:61)
	at java.lang.Thread.run(Thread.java:724)
Caused by: java.lang.IllegalArgumentException: Invalid <url-pattern> downloadVXML in servlet mapping
	at org.apache.catalina.core.StandardContext.addServletMapping(StandardContext.java:3075)
	at org.apache.catalina.core.StandardContext.addServletMapping(StandardContext.java:3050)
	at org.apache.catalina.startup.ContextConfig.configureContext(ContextConfig.java:1372)
	at org.apache.catalina.startup.ContextConfig.webConfig(ContextConfig.java:1176)
	at org.apache.catalina.startup.ContextConfig.configureStart(ContextConfig.java:771)
	at org.apache.catalina.startup.ContextConfig.lifecycleEvent(ContextConfig.java:305)
	at org.apache.catalina.util.LifecycleSupport.fireLifecycleEvent(LifecycleSupport.java:117)
	at org.apache.catalina.util.LifecycleBase.fireLifecycleEvent(LifecycleBase.java:90)
	at org.apache.catalina.core.StandardContext.startInternal(StandardContext.java:5066)
	at org.apache.catalina.util.LifecycleBase.start(LifecycleBase.java:150)
	... 28 more

04-Jun-2015 16:27:25.479 INFO [http-apr-8080-exec-9] org.apache.catalina.core.ApplicationContext.log Manager: list: Listing contexts for virtual host 'localhost'
04-Jun-2015 16:27:25.479 INFO [http-apr-8080-exec-10] org.apache.catalina.core.ApplicationContext.log Manager: list: Listing contexts for virtual host 'localhost'
04-Jun-2015 16:27:25.494 INFO [http-apr-8080-exec-1] org.apache.catalina.core.ApplicationContext.log Manager: install: Installing context configuration at 'file:/C:/Users/Dusan/AppData/Local/Temp/context90570642945903742.xml'
04-Jun-2015 16:31:17.687 INFO [http-apr-8080-exec-1] org.apache.catalina.core.ApplicationContext.log Manager: init: Associated with Deployer 'Catalina:type=Deployer,host=localhost'
04-Jun-2015 16:31:17.687 INFO [http-apr-8080-exec-1] org.apache.catalina.core.ApplicationContext.log Manager: init: Global resources are available
04-Jun-2015 16:31:17.687 INFO [http-apr-8080-exec-1] org.apache.catalina.core.ApplicationContext.log Manager: list: Listing contexts for virtual host 'localhost'
04-Jun-2015 16:31:17.703 INFO [http-apr-8080-exec-2] org.apache.catalina.core.ApplicationContext.log Manager: undeploy: Undeploying web application at '/pb138-WebApp'
04-Jun-2015 16:31:18.249 INFO [http-apr-8080-exec-3] org.apache.catalina.core.ApplicationContext.log Manager: install: Installing context configuration at 'file:/C:/Users/Dusan/AppData/Local/Temp/context7950280002859656479.xml'
04-Jun-2015 17:17:42.118 INFO [http-apr-8080-exec-2] org.apache.catalina.core.ApplicationContext.log Manager: init: Associated with Deployer 'Catalina:type=Deployer,host=localhost'
04-Jun-2015 17:17:42.118 INFO [http-apr-8080-exec-2] org.apache.catalina.core.ApplicationContext.log Manager: init: Global resources are available
04-Jun-2015 17:17:42.118 INFO [http-apr-8080-exec-2] org.apache.catalina.core.ApplicationContext.log Manager: list: Listing contexts for virtual host 'localhost'
04-Jun-2015 17:17:42.134 INFO [http-apr-8080-exec-1] org.apache.catalina.core.ApplicationContext.log Manager: undeploy: Undeploying web application at '/PB138_SCXML2VoiceXMLWJ'
04-Jun-2015 17:17:42.699 INFO [http-apr-8080-exec-5] org.apache.catalina.core.ApplicationContext.log Manager: install: Installing context configuration at 'file:/C:/Users/Dusan/AppData/Local/Temp/context5139824128530806570.xml'
04-Jun-2015 17:18:46.610 INFO [http-apr-8080-exec-1] org.apache.catalina.core.ApplicationContext.log Manager: init: Associated with Deployer 'Catalina:type=Deployer,host=localhost'
04-Jun-2015 17:18:46.610 INFO [http-apr-8080-exec-1] org.apache.catalina.core.ApplicationContext.log Manager: init: Global resources are available
04-Jun-2015 17:18:46.610 INFO [http-apr-8080-exec-1] org.apache.catalina.core.ApplicationContext.log Manager: list: Listing contexts for virtual host 'localhost'
04-Jun-2015 17:18:46.626 INFO [http-apr-8080-exec-2] org.apache.catalina.core.ApplicationContext.log Manager: undeploy: Undeploying web application at '/pb138-WebApp'
04-Jun-2015 17:18:47.159 INFO [http-apr-8080-exec-4] org.apache.catalina.core.ApplicationContext.log Manager: install: Installing context configuration at 'file:/C:/Users/Dusan/AppData/Local/Temp/context756891067558094024.xml'
04-Jun-2015 17:24:52.087 INFO [http-apr-8080-exec-1] org.apache.catalina.core.ApplicationContext.log Manager: init: Associated with Deployer 'Catalina:type=Deployer,host=localhost'
04-Jun-2015 17:24:52.087 INFO [http-apr-8080-exec-1] org.apache.catalina.core.ApplicationContext.log Manager: init: Global resources are available
04-Jun-2015 17:24:52.087 INFO [http-apr-8080-exec-1] org.apache.catalina.core.ApplicationContext.log Manager: list: Listing contexts for virtual host 'localhost'
04-Jun-2015 17:24:52.087 INFO [http-apr-8080-exec-2] org.apache.catalina.core.ApplicationContext.log Manager: undeploy: Undeploying web application at '/pb138-WebApp'
04-Jun-2015 17:24:52.633 INFO [http-apr-8080-exec-4] org.apache.catalina.core.ApplicationContext.log Manager: install: Installing context configuration at 'file:/C:/Users/Dusan/AppData/Local/Temp/context8184182333276766563.xml'
04-Jun-2015 17:33:26.869 INFO [http-apr-8080-exec-1] org.apache.catalina.core.ApplicationContext.log Manager: init: Associated with Deployer 'Catalina:type=Deployer,host=localhost'
04-Jun-2015 17:33:26.869 INFO [http-apr-8080-exec-1] org.apache.catalina.core.ApplicationContext.log Manager: init: Global resources are available
04-Jun-2015 17:33:26.869 INFO [http-apr-8080-exec-1] org.apache.catalina.core.ApplicationContext.log Manager: list: Listing contexts for virtual host 'localhost'
04-Jun-2015 17:33:26.884 INFO [http-apr-8080-exec-2] org.apache.catalina.core.ApplicationContext.log Manager: undeploy: Undeploying web application at '/PB138_SCXML2VoiceXMLWJ'
04-Jun-2015 17:33:27.430 INFO [http-apr-8080-exec-8] org.apache.catalina.core.ApplicationContext.log Manager: install: Installing context configuration at 'file:/C:/Users/Dusan/AppData/Local/Temp/context5988865858720303847.xml'
04-Jun-2015 17:36:43.214 INFO [http-apr-8080-exec-1] org.apache.catalina.core.ApplicationContext.log Manager: init: Associated with Deployer 'Catalina:type=Deployer,host=localhost'
04-Jun-2015 17:36:43.214 INFO [http-apr-8080-exec-1] org.apache.catalina.core.ApplicationContext.log Manager: init: Global resources are available
04-Jun-2015 17:36:43.214 INFO [http-apr-8080-exec-1] org.apache.catalina.core.ApplicationContext.log Manager: list: Listing contexts for virtual host 'localhost'
04-Jun-2015 17:36:43.229 INFO [http-apr-8080-exec-2] org.apache.catalina.core.ApplicationContext.log Manager: undeploy: Undeploying web application at '/PB138_SCXML2VoiceXMLWJ'
04-Jun-2015 17:36:43.775 INFO [http-apr-8080-exec-5] org.apache.catalina.core.ApplicationContext.log Manager: install: Installing context configuration at 'file:/C:/Users/Dusan/AppData/Local/Temp/context2288095532313275464.xml'
04-Jun-2015 17:40:45.924 INFO [http-apr-8080-exec-1] org.apache.catalina.core.ApplicationContext.log Manager: init: Associated with Deployer 'Catalina:type=Deployer,host=localhost'
04-Jun-2015 17:40:45.924 INFO [http-apr-8080-exec-1] org.apache.catalina.core.ApplicationContext.log Manager: init: Global resources are available
04-Jun-2015 17:40:45.924 INFO [http-apr-8080-exec-1] org.apache.catalina.core.ApplicationContext.log Manager: list: Listing contexts for virtual host 'localhost'
04-Jun-2015 17:40:45.940 INFO [http-apr-8080-exec-2] org.apache.catalina.core.ApplicationContext.log Manager: undeploy: Undeploying web application at '/PB138_SCXML2VoiceXMLWJ'
04-Jun-2015 17:40:46.486 INFO [http-apr-8080-exec-7] org.apache.catalina.core.ApplicationContext.log Manager: install: Installing context configuration at 'file:/C:/Users/Dusan/AppData/Local/Temp/context6403499829429481737.xml'
04-Jun-2015 17:45:04.326 INFO [http-apr-8080-exec-1] org.apache.catalina.core.ApplicationContext.log Manager: init: Associated with Deployer 'Catalina:type=Deployer,host=localhost'
04-Jun-2015 17:45:04.326 INFO [http-apr-8080-exec-1] org.apache.catalina.core.ApplicationContext.log Manager: init: Global resources are available
04-Jun-2015 17:45:04.326 INFO [http-apr-8080-exec-1] org.apache.catalina.core.ApplicationContext.log Manager: list: Listing contexts for virtual host 'localhost'
04-Jun-2015 17:45:04.342 INFO [http-apr-8080-exec-2] org.apache.catalina.core.ApplicationContext.log Manager: undeploy: Undeploying web application at '/PB138_SCXML2VoiceXMLWJ'
04-Jun-2015 17:45:04.888 INFO [http-apr-8080-exec-10] org.apache.catalina.core.ApplicationContext.log Manager: install: Installing context configuration at 'file:/C:/Users/Dusan/AppData/Local/Temp/context3663373948617616724.xml'
04-Jun-2015 17:46:48.144 INFO [http-apr-8080-exec-1] org.apache.catalina.core.ApplicationContext.log Manager: init: Associated with Deployer 'Catalina:type=Deployer,host=localhost'
04-Jun-2015 17:46:48.144 INFO [http-apr-8080-exec-1] org.apache.catalina.core.ApplicationContext.log Manager: init: Global resources are available
04-Jun-2015 17:46:48.144 INFO [http-apr-8080-exec-1] org.apache.catalina.core.ApplicationContext.log Manager: list: Listing contexts for virtual host 'localhost'
04-Jun-2015 17:46:48.160 INFO [http-apr-8080-exec-2] org.apache.catalina.core.ApplicationContext.log Manager: undeploy: Undeploying web application at '/PB138_SCXML2VoiceXMLWJ'
04-Jun-2015 17:46:48.695 INFO [http-apr-8080-exec-10] org.apache.catalina.core.ApplicationContext.log Manager: install: Installing context configuration at 'file:/C:/Users/Dusan/AppData/Local/Temp/context591056951849349958.xml'
04-Jun-2015 17:47:54.305 INFO [http-apr-8080-exec-6] org.apache.catalina.core.ApplicationContext.log Manager: init: Associated with Deployer 'Catalina:type=Deployer,host=localhost'
04-Jun-2015 17:47:54.305 INFO [http-apr-8080-exec-6] org.apache.catalina.core.ApplicationContext.log Manager: init: Global resources are available
04-Jun-2015 17:47:54.320 INFO [http-apr-8080-exec-6] org.apache.catalina.core.ApplicationContext.log Manager: list: Listing contexts for virtual host 'localhost'
04-Jun-2015 17:47:54.336 INFO [http-apr-8080-exec-8] org.apache.catalina.core.ApplicationContext.log Manager: undeploy: Undeploying web application at '/PB138_SCXML2VoiceXMLWJ'
04-Jun-2015 17:47:54.872 INFO [http-apr-8080-exec-10] org.apache.catalina.core.ApplicationContext.log Manager: install: Installing context configuration at 'file:/C:/Users/Dusan/AppData/Local/Temp/context2406187131164246113.xml'
04-Jun-2015 17:47:56.694 INFO [http-apr-8080-exec-11] org.apache.catalina.core.ApplicationContext.log Manager: start: Starting web application '/PB138_SCXML2VoiceXMLWJ'
04-Jun-2015 17:48:17.449 INFO [http-apr-8080-exec-1] org.apache.catalina.core.ApplicationContext.log Manager: list: Listing contexts for virtual host 'localhost'
04-Jun-2015 17:48:17.465 INFO [http-apr-8080-exec-9] org.apache.catalina.core.ApplicationContext.log Manager: undeploy: Undeploying web application at '/pb138-WebApp'
04-Jun-2015 17:48:17.997 INFO [http-apr-8080-exec-3] org.apache.catalina.core.ApplicationContext.log Manager: install: Installing context configuration at 'file:/C:/Users/Dusan/AppData/Local/Temp/context1947073604661670018.xml'
04-Jun-2015 17:48:43.259 INFO [http-apr-8080-exec-6] org.apache.catalina.core.ApplicationContext.log Manager: list: Listing contexts for virtual host 'localhost'
04-Jun-2015 17:48:43.259 INFO [http-apr-8080-exec-17] org.apache.catalina.core.ApplicationContext.log Manager: undeploy: Undeploying web application at '/pb138-WebApp'
04-Jun-2015 17:48:43.791 INFO [http-apr-8080-exec-1] org.apache.catalina.core.ApplicationContext.log Manager: install: Installing context configuration at 'file:/C:/Users/Dusan/AppData/Local/Temp/context3611465924877894393.xml'
04-Jun-2015 17:48:43.994 INFO [http-apr-8080-exec-9] org.apache.catalina.core.ApplicationContext.log Manager: start: Starting web application '/pb138-WebApp'
04-Jun-2015 17:50:05.460 INFO [http-apr-8080-exec-6] org.apache.catalina.core.ApplicationContext.log Manager: list: Listing contexts for virtual host 'localhost'
04-Jun-2015 17:50:11.304 INFO [http-apr-8080-exec-22] org.apache.catalina.core.ApplicationContext.log Manager: list: Listing contexts for virtual host 'localhost'
04-Jun-2015 17:50:11.320 INFO [http-apr-8080-exec-17] org.apache.catalina.core.ApplicationContext.log Manager: list: Listing contexts for virtual host 'localhost'
04-Jun-2015 17:58:23.997 INFO [http-apr-8080-exec-2] org.apache.catalina.core.ApplicationContext.log Manager: init: Associated with Deployer 'Catalina:type=Deployer,host=localhost'
04-Jun-2015 17:58:23.997 INFO [http-apr-8080-exec-2] org.apache.catalina.core.ApplicationContext.log Manager: init: Global resources are available
04-Jun-2015 17:58:24.013 INFO [http-apr-8080-exec-2] org.apache.catalina.core.ApplicationContext.log Manager: list: Listing contexts for virtual host 'localhost'
04-Jun-2015 17:58:24.013 INFO [http-apr-8080-exec-1] org.apache.catalina.core.ApplicationContext.log Manager: list: Listing contexts for virtual host 'localhost'
04-Jun-2015 17:58:33.084 INFO [http-apr-8080-exec-7] org.apache.catalina.core.ApplicationContext.log Manager: list: Listing contexts for virtual host 'localhost'
04-Jun-2015 17:58:33.099 INFO [http-apr-8080-exec-8] org.apache.catalina.core.ApplicationContext.log Manager: list: Listing contexts for virtual host 'localhost'
04-Jun-2015 18:03:38.923 INFO [http-apr-8080-exec-4] org.apache.catalina.core.ApplicationContext.log Manager: list: Listing contexts for virtual host 'localhost'
04-Jun-2015 18:03:48.610 INFO [http-apr-8080-exec-7] org.apache.catalina.core.ApplicationContext.log Manager: list: Listing contexts for virtual host 'localhost'
04-Jun-2015 18:03:48.610 INFO [http-apr-8080-exec-8] org.apache.catalina.core.ApplicationContext.log Manager: list: Listing contexts for virtual host 'localhost'
04-Jun-2015 18:04:03.893 INFO [http-apr-8080-exec-10] org.apache.catalina.core.ApplicationContext.log Manager: list: Listing contexts for virtual host 'localhost'
04-Jun-2015 18:04:16.326 INFO [http-apr-8080-exec-8] org.apache.catalina.core.ApplicationContext.log Manager: list: Listing contexts for virtual host 'localhost'
04-Jun-2015 18:05:16.573 INFO [http-apr-8080-exec-1] org.apache.catalina.core.ApplicationContext.log Manager: init: Associated with Deployer 'Catalina:type=Deployer,host=localhost'
04-Jun-2015 18:05:16.573 INFO [http-apr-8080-exec-1] org.apache.catalina.core.ApplicationContext.log Manager: init: Global resources are available
04-Jun-2015 18:05:16.573 INFO [http-apr-8080-exec-1] org.apache.catalina.core.ApplicationContext.log Manager: list: Listing contexts for virtual host 'localhost'
04-Jun-2015 18:05:16.573 INFO [http-apr-8080-exec-2] org.apache.catalina.core.ApplicationContext.log Manager: list: Listing contexts for virtual host 'localhost'
04-Jun-2015 18:07:31.621 INFO [http-apr-8080-exec-4] org.apache.catalina.core.ApplicationContext.log Manager: list: Listing contexts for virtual host 'localhost'
04-Jun-2015 18:07:32.002 INFO [http-apr-8080-exec-10] org.apache.catalina.core.ApplicationContext.log Manager: list: Listing contexts for virtual host 'localhost'
04-Jun-2015 18:07:44.895 INFO [http-apr-8080-exec-10] org.apache.catalina.core.ApplicationContext.log Manager: list: Listing contexts for virtual host 'localhost'
04-Jun-2015 18:08:26.813 INFO [http-apr-8080-exec-1] org.apache.catalina.core.ApplicationContext.log Manager: init: Associated with Deployer 'Catalina:type=Deployer,host=localhost'
04-Jun-2015 18:08:26.813 INFO [http-apr-8080-exec-1] org.apache.catalina.core.ApplicationContext.log Manager: init: Global resources are available
04-Jun-2015 18:08:26.813 INFO [http-apr-8080-exec-1] org.apache.catalina.core.ApplicationContext.log Manager: list: Listing contexts for virtual host 'localhost'
04-Jun-2015 18:08:26.813 INFO [http-apr-8080-exec-2] org.apache.catalina.core.ApplicationContext.log Manager: list: Listing contexts for virtual host 'localhost'
04-Jun-2015 18:09:53.032 INFO [http-apr-8080-exec-3] org.apache.catalina.core.ApplicationContext.log Manager: list: Listing contexts for virtual host 'localhost'
04-Jun-2015 18:09:53.048 INFO [http-apr-8080-exec-5] org.apache.catalina.core.ApplicationContext.log Manager: stop: Stopping web application '/PB138_SCXML2VoiceXMLWJ'
04-Jun-2015 18:09:53.063 INFO [http-apr-8080-exec-4] org.apache.catalina.core.ApplicationContext.log Manager: start: Starting web application '/PB138_SCXML2VoiceXMLWJ'
04-Jun-2015 18:09:56.495 INFO [http-apr-8080-exec-2] org.apache.catalina.core.ApplicationContext.log Manager: list: Listing contexts for virtual host 'localhost'
04-Jun-2015 18:09:56.511 INFO [http-apr-8080-exec-8] org.apache.catalina.core.ApplicationContext.log Manager: restart: Reloading web application '/PB138_SCXML2VoiceXMLWJ'
04-Jun-2015 18:29:23.036 INFO [http-apr-8080-exec-2] org.apache.catalina.core.ApplicationContext.log Manager: init: Associated with Deployer 'Catalina:type=Deployer,host=localhost'
04-Jun-2015 18:29:23.036 INFO [http-apr-8080-exec-2] org.apache.catalina.core.ApplicationContext.log Manager: init: Global resources are available
04-Jun-2015 18:29:23.036 INFO [http-apr-8080-exec-2] org.apache.catalina.core.ApplicationContext.log Manager: list: Listing contexts for virtual host 'localhost'
04-Jun-2015 18:29:23.036 INFO [http-apr-8080-exec-1] org.apache.catalina.core.ApplicationContext.log Manager: list: Listing contexts for virtual host 'localhost'
04-Jun-2015 18:29:23.082 INFO [http-apr-8080-exec-4] org.apache.catalina.core.ApplicationContext.log Manager: stop: Stopping web application '/PB138_SCXML2VoiceXMLWJ'
04-Jun-2015 18:29:23.098 INFO [http-apr-8080-exec-10] org.apache.catalina.core.ApplicationContext.log Manager: start: Starting web application '/PB138_SCXML2VoiceXMLWJ'
04-Jun-2015 18:30:30.333 INFO [http-apr-8080-exec-15] org.apache.catalina.core.ApplicationContext.log Manager: list: Listing contexts for virtual host 'localhost'
04-Jun-2015 18:34:03.174 INFO [http-apr-8080-exec-17] org.apache.catalina.core.ApplicationContext.log Manager: list: Listing contexts for virtual host 'localhost'
04-Jun-2015 18:34:18.766 INFO [http-apr-8080-exec-17] org.apache.catalina.core.ApplicationContext.log Manager: list: Listing contexts for virtual host 'localhost'
04-Jun-2015 18:34:24.311 INFO [http-apr-8080-exec-20] org.apache.catalina.core.ApplicationContext.log Manager: list: Listing contexts for virtual host 'localhost'
04-Jun-2015 18:34:24.311 INFO [http-apr-8080-exec-11] org.apache.catalina.core.ApplicationContext.log Manager: list: Listing contexts for virtual host 'localhost'
04-Jun-2015 18:34:46.342 INFO [http-apr-8080-exec-13] org.apache.catalina.core.ApplicationContext.log Manager: list: Listing contexts for virtual host 'localhost'
04-Jun-2015 18:34:50.210 INFO [http-apr-8080-exec-14] org.apache.catalina.core.ApplicationContext.log Manager: list: Listing contexts for virtual host 'localhost'
04-Jun-2015 18:34:50.226 INFO [http-apr-8080-exec-18] org.apache.catalina.core.ApplicationContext.log Manager: list: Listing contexts for virtual host 'localhost'
04-Jun-2015 18:35:23.790 INFO [http-apr-8080-exec-15] org.apache.catalina.core.ApplicationContext.log Manager: list: Listing contexts for virtual host 'localhost'
04-Jun-2015 18:35:32.752 INFO [http-apr-8080-exec-17] org.apache.catalina.core.ApplicationContext.log Manager: list: Listing contexts for virtual host 'localhost'
04-Jun-2015 18:35:32.768 INFO [http-apr-8080-exec-19] org.apache.catalina.core.ApplicationContext.log Manager: list: Listing contexts for virtual host 'localhost'
04-Jun-2015 18:36:13.616 INFO [http-apr-8080-exec-11] org.apache.catalina.core.ApplicationContext.log Manager: list: Listing contexts for virtual host 'localhost'
04-Jun-2015 18:36:23.771 INFO [http-apr-8080-exec-13] org.apache.catalina.core.ApplicationContext.log Manager: list: Listing contexts for virtual host 'localhost'
04-Jun-2015 18:36:23.771 INFO [http-apr-8080-exec-14] org.apache.catalina.core.ApplicationContext.log Manager: list: Listing contexts for virtual host 'localhost'
04-Jun-2015 18:37:00.101 INFO [http-apr-8080-exec-15] org.apache.catalina.core.ApplicationContext.log Manager: list: Listing contexts for virtual host 'localhost'
04-Jun-2015 18:37:04.914 INFO [http-apr-8080-exec-18] org.apache.catalina.core.ApplicationContext.log Manager: list: Listing contexts for virtual host 'localhost'
04-Jun-2015 18:37:14.340 INFO [http-apr-8080-exec-18] org.apache.catalina.core.ApplicationContext.log Manager: list: Listing contexts for virtual host 'localhost'
04-Jun-2015 18:37:22.512 INFO [http-apr-8080-exec-16] org.apache.catalina.core.ApplicationContext.log Manager: list: Listing contexts for virtual host 'localhost'
04-Jun-2015 18:37:22.512 INFO [http-apr-8080-exec-17] org.apache.catalina.core.ApplicationContext.log Manager: list: Listing contexts for virtual host 'localhost'
04-Jun-2015 18:37:32.064 INFO [http-apr-8080-exec-20] org.apache.catalina.core.ApplicationContext.log Manager: list: Listing contexts for virtual host 'localhost'
04-Jun-2015 18:37:37.583 INFO [http-apr-8080-exec-12] org.apache.catalina.core.ApplicationContext.log Manager: list: Listing contexts for virtual host 'localhost'
04-Jun-2015 18:37:37.599 INFO [http-apr-8080-exec-13] org.apache.catalina.core.ApplicationContext.log Manager: list: Listing contexts for virtual host 'localhost'
04-Jun-2015 18:37:57.930 INFO [http-apr-8080-exec-13] org.apache.catalina.core.ApplicationContext.log Manager: list: Listing contexts for virtual host 'localhost'
04-Jun-2015 18:38:04.852 INFO [http-apr-8080-exec-18] org.apache.catalina.core.ApplicationContext.log Manager: list: Listing contexts for virtual host 'localhost'
04-Jun-2015 18:38:04.867 INFO [http-apr-8080-exec-15] org.apache.catalina.core.ApplicationContext.log Manager: list: Listing contexts for virtual host 'localhost'
04-Jun-2015 18:38:11.998 INFO [http-apr-8080-exec-17] org.apache.catalina.core.ApplicationContext.log Manager: list: Listing contexts for virtual host 'localhost'
04-Jun-2015 18:38:12.014 INFO [http-apr-8080-exec-19] org.apache.catalina.core.ApplicationContext.log Manager: list: Listing contexts for virtual host 'localhost'
04-Jun-2015 18:38:58.492 INFO [http-apr-8080-exec-13] org.apache.catalina.core.ApplicationContext.log Manager: list: Listing contexts for virtual host 'localhost'
04-Jun-2015 18:38:58.492 INFO [http-apr-8080-exec-14] org.apache.catalina.core.ApplicationContext.log Manager: list: Listing contexts for virtual host 'localhost'
04-Jun-2015 18:39:58.576 INFO [http-apr-8080-exec-15] org.apache.catalina.core.ApplicationContext.log Manager: list: Listing contexts for virtual host 'localhost'
04-Jun-2015 18:41:05.862 INFO [http-apr-8080-exec-15] org.apache.catalina.core.ApplicationContext.log Manager: list: Listing contexts for virtual host 'localhost'
04-Jun-2015 18:41:06.689 INFO [http-apr-8080-exec-13] org.apache.catalina.core.ApplicationContext.log Manager: list: Listing contexts for virtual host 'localhost'
04-Jun-2015 18:41:06.704 INFO [http-apr-8080-exec-14] org.apache.catalina.core.ApplicationContext.log Manager: restart: Reloading web application '/PB138_SCXML2VoiceXMLWJ'
04-Jun-2015 18:41:08.576 INFO [http-apr-8080-exec-19] org.apache.catalina.core.ApplicationContext.log Manager: list: Listing contexts for virtual host 'localhost'
04-Jun-2015 18:41:08.592 INFO [http-apr-8080-exec-15] org.apache.catalina.core.ApplicationContext.log Manager: restart: Reloading web application '/PB138_SCXML2VoiceXMLWJ'
04-Jun-2015 18:41:16.986 INFO [http-apr-8080-exec-12] org.apache.catalina.core.ApplicationContext.log Manager: list: Listing contexts for virtual host 'localhost'
04-Jun-2015 18:41:16.986 INFO [http-apr-8080-exec-23] org.apache.catalina.core.ApplicationContext.log Manager: list: Listing contexts for virtual host 'localhost'
04-Jun-2015 18:41:17.032 INFO [http-apr-8080-exec-20] org.apache.catalina.core.ApplicationContext.log Manager: undeploy: Undeploying web application at '/PB138_SCXML2VoiceXMLWJ'
04-Jun-2015 18:41:17.549 INFO [http-apr-8080-exec-23] org.apache.catalina.core.ApplicationContext.log Manager: install: Installing context configuration at 'file:/C:/Users/Dusan/AppData/Local/Temp/context2900509398138768938.xml'
04-Jun-2015 18:44:08.274 INFO [http-apr-8080-exec-30] org.apache.catalina.core.ApplicationContext.log Manager: list: Listing contexts for virtual host 'localhost'
04-Jun-2015 18:44:08.290 INFO [http-apr-8080-exec-13] org.apache.catalina.core.ApplicationContext.log Manager: restart: Reloading web application '/PB138_SCXML2VoiceXMLWJ'
04-Jun-2015 18:52:15.828 INFO [http-apr-8080-exec-40] org.apache.catalina.core.ApplicationContext.log Manager: list: Listing contexts for virtual host 'localhost'
04-Jun-2015 18:52:15.828 INFO [http-apr-8080-exec-41] org.apache.catalina.core.ApplicationContext.log Manager: restart: Reloading web application '/PB138_SCXML2VoiceXMLWJ'
04-Jun-2015 18:52:24.353 INFO [http-apr-8080-exec-39] org.apache.catalina.core.ApplicationContext.log Manager: list: Listing contexts for virtual host 'localhost'
04-Jun-2015 18:52:24.369 INFO [http-apr-8080-exec-44] org.apache.catalina.core.ApplicationContext.log Manager: list: Listing contexts for virtual host 'localhost'
04-Jun-2015 18:52:24.415 INFO [http-apr-8080-exec-42] org.apache.catalina.core.ApplicationContext.log Manager: restart: Reloading web application '/PB138_SCXML2VoiceXMLWJ'
04-Jun-2015 18:56:38.583 INFO [http-apr-8080-exec-52] org.apache.catalina.core.ApplicationContext.log Manager: list: Listing contexts for virtual host 'localhost'
04-Jun-2015 18:56:38.583 INFO [http-apr-8080-exec-53] org.apache.catalina.core.ApplicationContext.log Manager: stop: Stopping web application '/PB138_SCXML2VoiceXMLWJ'
04-Jun-2015 18:56:38.598 INFO [http-apr-8080-exec-54] org.apache.catalina.core.ApplicationContext.log Manager: start: Starting web application '/PB138_SCXML2VoiceXMLWJ'
04-Jun-2015 18:56:46.608 INFO [http-apr-8080-exec-51] org.apache.catalina.core.ApplicationContext.log Manager: list: Listing contexts for virtual host 'localhost'
04-Jun-2015 18:56:46.608 INFO [http-apr-8080-exec-57] org.apache.catalina.core.ApplicationContext.log Manager: list: Listing contexts for virtual host 'localhost'
04-Jun-2015 18:56:46.655 INFO [http-apr-8080-exec-49] org.apache.catalina.core.ApplicationContext.log Manager: stop: Stopping web application '/PB138_SCXML2VoiceXMLWJ'
04-Jun-2015 18:56:46.655 INFO [http-apr-8080-exec-45] org.apache.catalina.core.ApplicationContext.log Manager: start: Starting web application '/PB138_SCXML2VoiceXMLWJ'
04-Jun-2015 19:01:51.219 INFO [http-apr-8080-exec-65] org.apache.catalina.core.ApplicationContext.log Manager: list: Listing contexts for virtual host 'localhost'
04-Jun-2015 19:01:51.219 INFO [http-apr-8080-exec-66] org.apache.catalina.core.ApplicationContext.log Manager: restart: Reloading web application '/PB138_SCXML2VoiceXMLWJ'
04-Jun-2015 19:01:58.129 INFO [http-apr-8080-exec-58] org.apache.catalina.core.ApplicationContext.log Manager: list: Listing contexts for virtual host 'localhost'
04-Jun-2015 19:01:58.133 INFO [http-apr-8080-exec-69] org.apache.catalina.core.ApplicationContext.log Manager: list: Listing contexts for virtual host 'localhost'
04-Jun-2015 19:01:58.168 INFO [http-apr-8080-exec-61] org.apache.catalina.core.ApplicationContext.log Manager: restart: Reloading web application '/PB138_SCXML2VoiceXMLWJ'
04-Jun-2015 19:06:20.502 INFO [http-apr-8080-exec-2] org.apache.catalina.core.ApplicationContext.log Manager: init: Associated with Deployer 'Catalina:type=Deployer,host=localhost'
04-Jun-2015 19:06:20.502 INFO [http-apr-8080-exec-2] org.apache.catalina.core.ApplicationContext.log Manager: init: Global resources are available
04-Jun-2015 19:06:20.503 INFO [http-apr-8080-exec-2] org.apache.catalina.core.ApplicationContext.log Manager: list: Listing contexts for virtual host 'localhost'
04-Jun-2015 19:06:20.510 INFO [http-apr-8080-exec-1] org.apache.catalina.core.ApplicationContext.log Manager: list: Listing contexts for virtual host 'localhost'
04-Jun-2015 19:09:27.622 INFO [http-apr-8080-exec-1] org.apache.catalina.core.ApplicationContext.log Manager: init: Associated with Deployer 'Catalina:type=Deployer,host=localhost'
04-Jun-2015 19:09:27.622 INFO [http-apr-8080-exec-1] org.apache.catalina.core.ApplicationContext.log Manager: init: Global resources are available
04-Jun-2015 19:09:27.622 INFO [http-apr-8080-exec-1] org.apache.catalina.core.ApplicationContext.log Manager: list: Listing contexts for virtual host 'localhost'
04-Jun-2015 19:09:27.622 INFO [http-apr-8080-exec-2] org.apache.catalina.core.ApplicationContext.log Manager: list: Listing contexts for virtual host 'localhost'
04-Jun-2015 19:09:27.653 INFO [http-apr-8080-exec-4] org.apache.catalina.core.ApplicationContext.log Manager: restart: Reloading web application '/pb138-WebApp'
04-Jun-2015 19:10:40.314 INFO [http-apr-8080-exec-1] org.apache.catalina.core.ApplicationContext.log Manager: init: Associated with Deployer 'Catalina:type=Deployer,host=localhost'
04-Jun-2015 19:10:40.314 INFO [http-apr-8080-exec-1] org.apache.catalina.core.ApplicationContext.log Manager: init: Global resources are available
04-Jun-2015 19:10:40.314 INFO [http-apr-8080-exec-1] org.apache.catalina.core.ApplicationContext.log Manager: list: Listing contexts for virtual host 'localhost'
04-Jun-2015 19:10:40.329 INFO [http-apr-8080-exec-2] org.apache.catalina.core.ApplicationContext.log Manager: list: Listing contexts for virtual host 'localhost'
04-Jun-2015 19:10:40.361 INFO [http-apr-8080-exec-4] org.apache.catalina.core.ApplicationContext.log Manager: restart: Reloading web application '/pb138-WebApp'
04-Jun-2015 19:11:13.893 INFO [http-apr-8080-exec-13] org.apache.catalina.core.ApplicationContext.log Manager: list: Listing contexts for virtual host 'localhost'
04-Jun-2015 19:11:13.893 INFO [http-apr-8080-exec-9] org.apache.catalina.core.ApplicationContext.log Manager: list: Listing contexts for virtual host 'localhost'
04-Jun-2015 19:13:31.881 INFO [http-apr-8080-exec-19] org.apache.catalina.core.ApplicationContext.log Manager: list: Listing contexts for virtual host 'localhost'
04-Jun-2015 19:13:31.881 INFO [http-apr-8080-exec-11] org.apache.catalina.core.ApplicationContext.log Manager: list: Listing contexts for virtual host 'localhost'
04-Jun-2015 19:13:31.912 INFO [http-apr-8080-exec-14] org.apache.catalina.core.ApplicationContext.log Manager: restart: Reloading web application '/PB138_SCXML2VoiceXMLWJ'
04-Jun-2015 19:14:28.136 INFO [http-apr-8080-exec-16] org.apache.catalina.core.ApplicationContext.log Manager: list: Listing contexts for virtual host 'localhost'
04-Jun-2015 19:14:32.471 INFO [http-apr-8080-exec-22] org.apache.catalina.core.ApplicationContext.log Manager: list: Listing contexts for virtual host 'localhost'
04-Jun-2015 19:14:32.476 INFO [http-apr-8080-exec-23] org.apache.catalina.core.ApplicationContext.log Manager: list: Listing contexts for virtual host 'localhost'
04-Jun-2015 19:14:32.514 INFO [http-apr-8080-exec-12] org.apache.catalina.core.ApplicationContext.log Manager: restart: Reloading web application '/PB138_SCXML2VoiceXMLWJ'
04-Jun-2015 19:21:07.552 INFO [http-apr-8080-exec-31] org.apache.catalina.core.ApplicationContext.log Manager: list: Listing contexts for virtual host 'localhost'
04-Jun-2015 19:21:07.552 INFO [http-apr-8080-exec-32] org.apache.catalina.core.ApplicationContext.log Manager: restart: Reloading web application '/PB138_SCXML2VoiceXMLWJ'
04-Jun-2015 19:21:17.078 INFO [http-apr-8080-exec-34] org.apache.catalina.core.ApplicationContext.log Manager: list: Listing contexts for virtual host 'localhost'
04-Jun-2015 19:21:17.078 INFO [http-apr-8080-exec-27] org.apache.catalina.core.ApplicationContext.log Manager: list: Listing contexts for virtual host 'localhost'
04-Jun-2015 19:21:17.125 INFO [http-apr-8080-exec-26] org.apache.catalina.core.ApplicationContext.log Manager: restart: Reloading web application '/PB138_SCXML2VoiceXMLWJ'
04-Jun-2015 19:21:51.013 INFO [http-apr-8080-exec-27] org.apache.catalina.core.ApplicationContext.log Manager: list: Listing contexts for virtual host 'localhost'
04-Jun-2015 19:21:51.029 INFO [http-apr-8080-exec-36] org.apache.catalina.core.ApplicationContext.log Manager: restart: Reloading web application '/PB138_SCXML2VoiceXMLWJ'
04-Jun-2015 19:21:55.111 INFO [http-apr-8080-exec-25] org.apache.catalina.core.ApplicationContext.log Manager: list: Listing contexts for virtual host 'localhost'
04-Jun-2015 19:21:55.111 INFO [http-apr-8080-exec-39] org.apache.catalina.core.ApplicationContext.log Manager: list: Listing contexts for virtual host 'localhost'
04-Jun-2015 19:21:55.174 INFO [http-apr-8080-exec-35] org.apache.catalina.core.ApplicationContext.log Manager: restart: Reloading web application '/PB138_SCXML2VoiceXMLWJ'
04-Jun-2015 19:30:38.419 INFO [http-apr-8080-exec-47] org.apache.catalina.core.ApplicationContext.log Manager: list: Listing contexts for virtual host 'localhost'
04-Jun-2015 19:30:38.435 INFO [http-apr-8080-exec-48] org.apache.catalina.core.ApplicationContext.log Manager: restart: Reloading web application '/PB138_SCXML2VoiceXMLWJ'
04-Jun-2015 19:30:41.290 INFO [http-apr-8080-exec-47] org.apache.catalina.core.ApplicationContext.log Manager: list: Listing contexts for virtual host 'localhost'
04-Jun-2015 19:30:41.305 INFO [http-apr-8080-exec-40] org.apache.catalina.core.ApplicationContext.log Manager: restart: Reloading web application '/pb138-WebApp'
04-Jun-2015 19:30:41.711 INFO [http-apr-8080-exec-49] org.apache.catalina.core.ApplicationContext.log Manager: list: Listing contexts for virtual host 'localhost'
04-Jun-2015 19:30:41.711 INFO [http-apr-8080-exec-44] org.apache.catalina.core.ApplicationContext.log Manager: list: Listing contexts for virtual host 'localhost'
04-Jun-2015 19:30:43.770 INFO [http-apr-8080-exec-46] org.apache.catalina.core.ApplicationContext.log Manager: restart: Reloading web application '/PB138_SCXML2VoiceXMLWJ'
04-Jun-2015 19:32:09.501 INFO [http-apr-8080-exec-50] org.apache.catalina.core.ApplicationContext.log Manager: list: Listing contexts for virtual host 'localhost'
04-Jun-2015 19:32:09.501 INFO [http-apr-8080-exec-45] org.apache.catalina.core.ApplicationContext.log Manager: restart: Reloading web application '/PB138_SCXML2VoiceXMLWJ'
04-Jun-2015 19:32:12.200 INFO [http-apr-8080-exec-55] org.apache.catalina.core.ApplicationContext.log Manager: list: Listing contexts for virtual host 'localhost'
04-Jun-2015 19:32:12.216 INFO [http-apr-8080-exec-54] org.apache.catalina.core.ApplicationContext.log Manager: list: Listing contexts for virtual host 'localhost'
04-Jun-2015 19:32:12.247 INFO [http-apr-8080-exec-51] org.apache.catalina.core.ApplicationContext.log Manager: restart: Reloading web application '/PB138_SCXML2VoiceXMLWJ'
04-Jun-2015 19:32:40.433 INFO [http-apr-8080-exec-59] org.apache.catalina.core.ApplicationContext.log Manager: list: Listing contexts for virtual host 'localhost'
04-Jun-2015 19:32:40.448 INFO [http-apr-8080-exec-62] org.apache.catalina.core.ApplicationContext.log Manager: restart: Reloading web application '/PB138_SCXML2VoiceXMLWJ'
04-Jun-2015 19:32:47.800 INFO [http-apr-8080-exec-65] org.apache.catalina.core.ApplicationContext.log Manager: list: Listing contexts for virtual host 'localhost'
04-Jun-2015 19:32:47.800 INFO [http-apr-8080-exec-59] org.apache.catalina.core.ApplicationContext.log Manager: list: Listing contexts for virtual host 'localhost'
04-Jun-2015 19:32:47.847 INFO [http-apr-8080-exec-54] org.apache.catalina.core.ApplicationContext.log Manager: restart: Reloading web application '/PB138_SCXML2VoiceXMLWJ'
04-Jun-2015 19:33:31.288 INFO [http-apr-8080-exec-61] org.apache.catalina.core.ApplicationContext.log Manager: list: Listing contexts for virtual host 'localhost'
04-Jun-2015 19:33:31.304 INFO [http-apr-8080-exec-67] org.apache.catalina.core.ApplicationContext.log Manager: restart: Reloading web application '/PB138_SCXML2VoiceXMLWJ'
04-Jun-2015 19:33:33.301 INFO [http-apr-8080-exec-44] org.apache.catalina.core.ApplicationContext.log Manager: list: Listing contexts for virtual host 'localhost'
04-Jun-2015 19:33:33.301 INFO [http-apr-8080-exec-68] org.apache.catalina.core.ApplicationContext.log Manager: list: Listing contexts for virtual host 'localhost'
04-Jun-2015 19:33:33.347 INFO [http-apr-8080-exec-60] org.apache.catalina.core.ApplicationContext.log Manager: restart: Reloading web application '/PB138_SCXML2VoiceXMLWJ'
04-Jun-2015 19:34:45.075 INFO [http-apr-8080-exec-61] org.apache.catalina.core.ApplicationContext.log Manager: list: Listing contexts for virtual host 'localhost'
04-Jun-2015 19:34:45.091 INFO [http-apr-8080-exec-74] org.apache.catalina.core.ApplicationContext.log Manager: restart: Reloading web application '/PB138_SCXML2VoiceXMLWJ'
04-Jun-2015 19:34:49.761 INFO [http-apr-8080-exec-73] org.apache.catalina.core.ApplicationContext.log Manager: list: Listing contexts for virtual host 'localhost'
04-Jun-2015 19:34:49.777 INFO [http-apr-8080-exec-77] org.apache.catalina.core.ApplicationContext.log Manager: list: Listing contexts for virtual host 'localhost'
04-Jun-2015 19:34:49.808 INFO [http-apr-8080-exec-66] org.apache.catalina.core.ApplicationContext.log Manager: restart: Reloading web application '/PB138_SCXML2VoiceXMLWJ'
04-Jun-2015 19:45:04.691 INFO [http-apr-8080-exec-85] org.apache.catalina.core.ApplicationContext.log Manager: list: Listing contexts for virtual host 'localhost'
04-Jun-2015 19:45:04.691 INFO [http-apr-8080-exec-86] org.apache.catalina.core.ApplicationContext.log Manager: restart: Reloading web application '/PB138_SCXML2VoiceXMLWJ'
04-Jun-2015 19:45:08.109 INFO [http-apr-8080-exec-83] org.apache.catalina.core.ApplicationContext.log Manager: list: Listing contexts for virtual host 'localhost'
04-Jun-2015 19:45:08.109 INFO [http-apr-8080-exec-88] org.apache.catalina.core.ApplicationContext.log Manager: list: Listing contexts for virtual host 'localhost'
04-Jun-2015 19:45:08.140 INFO [http-apr-8080-exec-85] org.apache.catalina.core.ApplicationContext.log Manager: restart: Reloading web application '/PB138_SCXML2VoiceXMLWJ'
04-Jun-2015 19:46:45.426 INFO [http-apr-8080-exec-79] org.apache.catalina.core.ApplicationContext.log Manager: list: Listing contexts for virtual host 'localhost'
04-Jun-2015 19:46:45.426 INFO [http-apr-8080-exec-82] org.apache.catalina.core.ApplicationContext.log Manager: restart: Reloading web application '/PB138_SCXML2VoiceXMLWJ'
04-Jun-2015 19:46:48.203 INFO [http-apr-8080-exec-93] org.apache.catalina.core.ApplicationContext.log Manager: list: Listing contexts for virtual host 'localhost'
04-Jun-2015 19:46:48.203 INFO [http-apr-8080-exec-94] org.apache.catalina.core.ApplicationContext.log Manager: list: Listing contexts for virtual host 'localhost'
04-Jun-2015 19:46:48.235 INFO [http-apr-8080-exec-79] org.apache.catalina.core.ApplicationContext.log Manager: restart: Reloading web application '/PB138_SCXML2VoiceXMLWJ'
04-Jun-2015 19:48:16.811 INFO [http-apr-8080-exec-92] org.apache.catalina.core.ApplicationContext.log Manager: list: Listing contexts for virtual host 'localhost'
04-Jun-2015 19:48:16.811 INFO [http-apr-8080-exec-96] org.apache.catalina.core.ApplicationContext.log Manager: restart: Reloading web application '/pb138-WebApp'
04-Jun-2015 19:48:21.382 INFO [http-apr-8080-exec-99] org.apache.catalina.core.ApplicationContext.log Manager: list: Listing contexts for virtual host 'localhost'
04-Jun-2015 19:48:21.397 INFO [http-apr-8080-exec-97] org.apache.catalina.core.ApplicationContext.log Manager: restart: Reloading web application '/PB138_SCXML2VoiceXMLWJ'
04-Jun-2015 19:48:21.725 INFO [http-apr-8080-exec-98] org.apache.catalina.core.ApplicationContext.log Manager: list: Listing contexts for virtual host 'localhost'
04-Jun-2015 19:48:21.740 INFO [http-apr-8080-exec-92] org.apache.catalina.core.ApplicationContext.log Manager: list: Listing contexts for virtual host 'localhost'
04-Jun-2015 19:48:22.910 INFO [http-apr-8080-exec-96] org.apache.catalina.core.ApplicationContext.log Manager: restart: Reloading web application '/pb138-WebApp'
04-Jun-2015 19:51:56.942 INFO [http-apr-8080-exec-111] org.apache.catalina.core.ApplicationContext.log Manager: list: Listing contexts for virtual host 'localhost'
04-Jun-2015 19:51:56.942 INFO [http-apr-8080-exec-113] org.apache.catalina.core.ApplicationContext.log Manager: restart: Reloading web application '/PB138_SCXML2VoiceXMLWJ'
04-Jun-2015 19:52:11.907 INFO [http-apr-8080-exec-109] org.apache.catalina.core.ApplicationContext.log Manager: list: Listing contexts for virtual host 'localhost'
04-Jun-2015 19:52:11.930 INFO [http-apr-8080-exec-112] org.apache.catalina.core.ApplicationContext.log Manager: restart: Reloading web application '/PB138_SCXML2VoiceXMLWJ'
04-Jun-2015 19:52:28.977 INFO [http-apr-8080-exec-117] org.apache.catalina.core.ApplicationContext.log Manager: list: Listing contexts for virtual host 'localhost'
04-Jun-2015 19:52:28.993 INFO [http-apr-8080-exec-115] org.apache.catalina.core.ApplicationContext.log Manager: list: Listing contexts for virtual host 'localhost'
04-Jun-2015 19:52:29.024 INFO [http-apr-8080-exec-106] org.apache.catalina.core.ApplicationContext.log Manager: restart: Reloading web application '/PB138_SCXML2VoiceXMLWJ'
04-Jun-2015 19:55:03.850 INFO [http-apr-8080-exec-114] org.apache.catalina.core.ApplicationContext.log Manager: list: Listing contexts for virtual host 'localhost'
04-Jun-2015 19:55:03.866 INFO [http-apr-8080-exec-110] org.apache.catalina.core.ApplicationContext.log Manager: restart: Reloading web application '/PB138_SCXML2VoiceXMLWJ'
04-Jun-2015 19:55:06.019 INFO [http-apr-8080-exec-118] org.apache.catalina.core.ApplicationContext.log Manager: list: Listing contexts for virtual host 'localhost'
04-Jun-2015 19:55:06.019 INFO [http-apr-8080-exec-120] org.apache.catalina.core.ApplicationContext.log Manager: list: Listing contexts for virtual host 'localhost'
04-Jun-2015 19:55:06.066 INFO [http-apr-8080-exec-105] org.apache.catalina.core.ApplicationContext.log Manager: restart: Reloading web application '/PB138_SCXML2VoiceXMLWJ'
04-Jun-2015 19:56:23.272 INFO [http-apr-8080-exec-114] org.apache.catalina.core.ApplicationContext.log Manager: list: Listing contexts for virtual host 'localhost'
04-Jun-2015 19:56:23.272 INFO [http-apr-8080-exec-118] org.apache.catalina.core.ApplicationContext.log Manager: restart: Reloading web application '/PB138_SCXML2VoiceXMLWJ'
04-Jun-2015 19:56:31.955 INFO [http-apr-8080-exec-128] org.apache.catalina.core.ApplicationContext.log Manager: list: Listing contexts for virtual host 'localhost'
04-Jun-2015 19:56:31.971 INFO [http-apr-8080-exec-125] org.apache.catalina.core.ApplicationContext.log Manager: restart: Reloading web application '/PB138_SCXML2VoiceXMLWJ'
04-Jun-2015 20:00:08.739 INFO [http-apr-8080-exec-127] org.apache.catalina.core.ApplicationContext.log Manager: list: Listing contexts for virtual host 'localhost'
04-Jun-2015 20:00:08.750 INFO [http-apr-8080-exec-137] org.apache.catalina.core.ApplicationContext.log Manager: restart: Reloading web application '/PB138_SCXML2VoiceXMLWJ'
04-Jun-2015 20:00:13.630 INFO [http-apr-8080-exec-134] org.apache.catalina.core.ApplicationContext.log Manager: list: Listing contexts for virtual host 'localhost'
04-Jun-2015 20:00:13.630 INFO [http-apr-8080-exec-140] org.apache.catalina.core.ApplicationContext.log Manager: list: Listing contexts for virtual host 'localhost'
04-Jun-2015 20:00:13.661 INFO [http-apr-8080-exec-138] org.apache.catalina.core.ApplicationContext.log Manager: restart: Reloading web application '/PB138_SCXML2VoiceXMLWJ'
04-Jun-2015 20:01:11.959 INFO [http-apr-8080-exec-134] org.apache.catalina.core.ApplicationContext.log Manager: list: Listing contexts for virtual host 'localhost'
04-Jun-2015 20:01:11.975 INFO [http-apr-8080-exec-142] org.apache.catalina.core.ApplicationContext.log Manager: restart: Reloading web application '/PB138_SCXML2VoiceXMLWJ'
04-Jun-2015 20:24:49.467 INFO [http-apr-8080-exec-2] org.apache.catalina.core.ApplicationContext.log Manager: init: Associated with Deployer 'Catalina:type=Deployer,host=localhost'
04-Jun-2015 20:24:49.467 INFO [http-apr-8080-exec-2] org.apache.catalina.core.ApplicationContext.log Manager: init: Global resources are available
04-Jun-2015 20:24:49.467 INFO [http-apr-8080-exec-2] org.apache.catalina.core.ApplicationContext.log Manager: list: Listing contexts for virtual host 'localhost'
04-Jun-2015 20:24:49.514 INFO [http-apr-8080-exec-4] org.apache.catalina.core.ApplicationContext.log Manager: list: Listing contexts for virtual host 'localhost'
04-Jun-2015 20:24:49.651 INFO [http-apr-8080-exec-6] org.apache.catalina.core.ApplicationContext.log Manager: restart: Reloading web application '/PB138_SCXML2VoiceXMLWJ'
04-Jun-2015 20:29:30.459 INFO [http-apr-8080-exec-18] org.apache.catalina.core.ApplicationContext.log Manager: list: Listing contexts for virtual host 'localhost'
04-Jun-2015 20:29:30.480 INFO [http-apr-8080-exec-19] org.apache.catalina.core.ApplicationContext.log Manager: restart: Reloading web application '/PB138_SCXML2VoiceXMLWJ'
04-Jun-2015 20:29:35.415 INFO [http-apr-8080-exec-12] org.apache.catalina.core.ApplicationContext.log Manager: list: Listing contexts for virtual host 'localhost'
04-Jun-2015 20:29:35.421 INFO [http-apr-8080-exec-13] org.apache.catalina.core.ApplicationContext.log Manager: list: Listing contexts for virtual host 'localhost'
04-Jun-2015 20:29:35.456 INFO [http-apr-8080-exec-22] org.apache.catalina.core.ApplicationContext.log Manager: restart: Reloading web application '/PB138_SCXML2VoiceXMLWJ'
04-Jun-2015 20:33:22.449 INFO [http-apr-8080-exec-30] org.apache.catalina.core.ApplicationContext.log Manager: list: Listing contexts for virtual host 'localhost'
04-Jun-2015 20:33:22.449 INFO [http-apr-8080-exec-13] org.apache.catalina.core.ApplicationContext.log Manager: restart: Reloading web application '/PB138_SCXML2VoiceXMLWJ'
04-Jun-2015 20:33:31.162 INFO [http-apr-8080-exec-26] org.apache.catalina.core.ApplicationContext.log Manager: list: Listing contexts for virtual host 'localhost'
04-Jun-2015 20:33:31.178 INFO [http-apr-8080-exec-33] org.apache.catalina.core.ApplicationContext.log Manager: list: Listing contexts for virtual host 'localhost'
04-Jun-2015 20:33:42.052 INFO [http-apr-8080-exec-32] org.apache.catalina.core.ApplicationContext.log Manager: list: Listing contexts for virtual host 'localhost'
04-Jun-2015 20:33:42.068 INFO [http-apr-8080-exec-36] org.apache.catalina.core.ApplicationContext.log Manager: list: Listing contexts for virtual host 'localhost'
04-Jun-2015 20:33:42.099 INFO [http-apr-8080-exec-26] org.apache.catalina.core.ApplicationContext.log Manager: restart: Reloading web application '/PB138_SCXML2VoiceXMLWJ'
04-Jun-2015 20:47:27.500 INFO [http-apr-8080-exec-44] org.apache.catalina.core.ApplicationContext.log Manager: list: Listing contexts for virtual host 'localhost'
04-Jun-2015 20:47:27.500 INFO [http-apr-8080-exec-45] org.apache.catalina.core.ApplicationContext.log Manager: restart: Reloading web application '/PB138_SCXML2VoiceXMLWJ'
04-Jun-2015 20:50:03.732 INFO [http-apr-8080-exec-46] org.apache.catalina.core.ApplicationContext.log Manager: list: Listing contexts for virtual host 'localhost'
04-Jun-2015 20:50:03.732 INFO [http-apr-8080-exec-50] org.apache.catalina.core.ApplicationContext.log Manager: restart: Reloading web application '/PB138_SCXML2VoiceXMLWJ'
04-Jun-2015 20:53:02.536 INFO [http-apr-8080-exec-39] org.apache.catalina.core.ApplicationContext.log Manager: list: Listing contexts for virtual host 'localhost'
04-Jun-2015 20:53:02.551 INFO [http-apr-8080-exec-56] org.apache.catalina.core.ApplicationContext.log Manager: restart: Reloading web application '/PB138_SCXML2VoiceXMLWJ'
04-Jun-2015 20:53:15.285 INFO [http-apr-8080-exec-53] org.apache.catalina.core.ApplicationContext.log Manager: list: Listing contexts for virtual host 'localhost'
04-Jun-2015 20:53:15.285 INFO [http-apr-8080-exec-60] org.apache.catalina.core.ApplicationContext.log Manager: list: Listing contexts for virtual host 'localhost'
04-Jun-2015 20:53:15.316 INFO [http-apr-8080-exec-54] org.apache.catalina.core.ApplicationContext.log Manager: restart: Reloading web application '/PB138_SCXML2VoiceXMLWJ'
04-Jun-2015 20:54:29.298 INFO [http-apr-8080-exec-38] org.apache.catalina.core.ApplicationContext.log Manager: list: Listing contexts for virtual host 'localhost'
04-Jun-2015 20:54:29.313 INFO [http-apr-8080-exec-62] org.apache.catalina.core.ApplicationContext.log Manager: list: Listing contexts for virtual host 'localhost'
04-Jun-2015 20:55:56.122 INFO [http-apr-8080-exec-65] org.apache.catalina.core.ApplicationContext.log Manager: list: Listing contexts for virtual host 'localhost'
04-Jun-2015 20:57:51.746 INFO [http-apr-8080-exec-65] org.apache.catalina.core.ApplicationContext.log Manager: list: Listing contexts for virtual host 'localhost'
04-Jun-2015 20:57:55.109 INFO [http-apr-8080-exec-64] org.apache.catalina.core.ApplicationContext.log Manager: list: Listing contexts for virtual host 'localhost'
04-Jun-2015 20:58:12.725 INFO [http-apr-8080-exec-61] org.apache.catalina.core.ApplicationContext.log Manager: list: Listing contexts for virtual host 'localhost'
04-Jun-2015 20:58:12.725 INFO [http-apr-8080-exec-70] org.apache.catalina.core.ApplicationContext.log Manager: list: Listing contexts for virtual host 'localhost'
